[0.017s] Invoking command in '/home/mrl-seuk/sitl_crazy/CrazySim/ros2_ws/build/crazyflie_examples': AMENT_PREFIX_PATH=/home/mrl-seuk/sitl_crazy/CrazySim/ros2_ws/install/crazyflie_py:/home/mrl-seuk/sitl_crazy/CrazySim/ros2_ws/install/test_pkg:/home/mrl-seuk/sitl_crazy/CrazySim/ros2_ws/install/motion_capture_tracking:/home/mrl-seuk/sitl_crazy/CrazySim/ros2_ws/install/crazyflie:/home/mrl-seuk/sitl_crazy/CrazySim/ros2_ws/install/motion_capture_tracking_interfaces:/home/mrl-seuk/sitl_crazy/CrazySim/ros2_ws/install/crazyflie_sim:/home/mrl-seuk/sitl_crazy/CrazySim/ros2_ws/install/crazyflie_mpc:/home/mrl-seuk/sitl_crazy/CrazySim/ros2_ws/install/crazyflie_examples:/home/mrl-seuk/sitl_crazy/CrazySim/ros2_ws/install/crazyflie_interfaces:/opt/ros/humble CMAKE_PREFIX_PATH=/home/mrl-seuk/sitl_crazy/CrazySim/ros2_ws/install/crazyflie_interfaces:/home/mrl-seuk/sitl_crazy/CrazySim/ros2_ws/install/test_pkg:/home/mrl-seuk/sitl_crazy/CrazySim/ros2_ws/install/motion_capture_tracking:/home/mrl-seuk/sitl_crazy/CrazySim/ros2_ws/install/crazyflie:/home/mrl-seuk/sitl_crazy/CrazySim/ros2_ws/install/motion_capture_tracking_interfaces:/home/mrl-seuk/sitl_crazy/CrazySim/ros2_ws/install/crazyflie_sim:/home/mrl-seuk/sitl_crazy/CrazySim/ros2_ws/install/crazyflie_examples:/home/mrl-seuk/sitl_crazy/CrazySim/ros2_ws/install/crazyflie_mpc:/home/mrl-seuk/sitl_crazy/CrazySim/ros2_ws/install/crazyflie_py:/opt/ros/humble LD_LIBRARY_PATH=/home/mrl-seuk/sitl_crazy/CrazySim/ros2_ws/install/crazyflie_interfaces/lib:/home/mrl-seuk/sitl_crazy/CrazySim/ros2_ws/install/motion_capture_tracking_interfaces/lib:/opt/ros/humble/opt/rviz_ogre_vendor/lib:/opt/ros/humble/lib/x86_64-linux-gnu:/opt/ros/humble/lib PYTHONPATH=/home/mrl-seuk/sitl_crazy/CrazySim/ros2_ws/build/crazyflie_py:/home/mrl-seuk/sitl_crazy/CrazySim/ros2_ws/install/crazyflie_py/lib/python3.10/site-packages:/home/mrl-seuk/sitl_crazy/CrazySim/ros2_ws/install/motion_capture_tracking_interfaces/local/lib/python3.10/dist-packages:/home/mrl-seuk/sitl_crazy/CrazySim/ros2_ws/install/crazyflie_sim/local/lib/python3.10/dist-packages:/home/mrl-seuk/sitl_crazy/CrazySim/ros2_ws/build/crazyflie_mpc:/home/mrl-seuk/sitl_crazy/CrazySim/ros2_ws/install/crazyflie_mpc/lib/python3.10/site-packages:/home/mrl-seuk/sitl_crazy/CrazySim/ros2_ws/install/crazyflie_examples/local/lib/python3.10/dist-packages:/home/mrl-seuk/sitl_crazy/CrazySim/ros2_ws/install/crazyflie_interfaces/local/lib/python3.10/dist-packages:/home/mrl-seuk/crazyflie/crazyflie-firmware/build:/opt/ros/humble/lib/python3.10/site-packages:/opt/ros/humble/local/lib/python3.10/dist-packages /usr/bin/cmake /home/mrl-seuk/sitl_crazy/CrazySim/ros2_ws/src/crazyswarm2/crazyflie_examples -DAMENT_CMAKE_SYMLINK_INSTALL=1 -DCMAKE_INSTALL_PREFIX=/home/mrl-seuk/sitl_crazy/CrazySim/ros2_ws/install/crazyflie_examples
[0.091s] -- The C compiler identification is GNU 11.4.0
[0.168s] -- The CXX compiler identification is GNU 11.4.0
[0.177s] -- Detecting C compiler ABI info
[0.273s] -- Detecting C compiler ABI info - done
[0.278s] -- Check for working C compiler: /usr/bin/cc - skipped
[0.279s] -- Detecting C compile features
[0.279s] -- Detecting C compile features - done
[0.281s] -- Detecting CXX compiler ABI info
[0.360s] -- Detecting CXX compiler ABI info - done
[0.368s] -- Check for working CXX compiler: /usr/bin/c++ - skipped
[0.368s] -- Detecting CXX compile features
[0.368s] -- Detecting CXX compile features - done
[0.372s] -- Found ament_cmake: 1.3.11 (/opt/ros/humble/share/ament_cmake/cmake)
[0.551s] -- Found Python3: /usr/bin/python3 (found version "3.10.12") found components: Interpreter 
[0.620s] -- Override CMake install command with custom implementation using symlinks instead of copying resources
[0.843s] -- Configuring done
[0.852s] -- Generating done
[0.857s] -- Build files have been written to: /home/mrl-seuk/sitl_crazy/CrazySim/ros2_ws/build/crazyflie_examples
[0.875s] Invoked command in '/home/mrl-seuk/sitl_crazy/CrazySim/ros2_ws/build/crazyflie_examples' returned '0': AMENT_PREFIX_PATH=/home/mrl-seuk/sitl_crazy/CrazySim/ros2_ws/install/crazyflie_py:/home/mrl-seuk/sitl_crazy/CrazySim/ros2_ws/install/test_pkg:/home/mrl-seuk/sitl_crazy/CrazySim/ros2_ws/install/motion_capture_tracking:/home/mrl-seuk/sitl_crazy/CrazySim/ros2_ws/install/crazyflie:/home/mrl-seuk/sitl_crazy/CrazySim/ros2_ws/install/motion_capture_tracking_interfaces:/home/mrl-seuk/sitl_crazy/CrazySim/ros2_ws/install/crazyflie_sim:/home/mrl-seuk/sitl_crazy/CrazySim/ros2_ws/install/crazyflie_mpc:/home/mrl-seuk/sitl_crazy/CrazySim/ros2_ws/install/crazyflie_examples:/home/mrl-seuk/sitl_crazy/CrazySim/ros2_ws/install/crazyflie_interfaces:/opt/ros/humble CMAKE_PREFIX_PATH=/home/mrl-seuk/sitl_crazy/CrazySim/ros2_ws/install/crazyflie_interfaces:/home/mrl-seuk/sitl_crazy/CrazySim/ros2_ws/install/test_pkg:/home/mrl-seuk/sitl_crazy/CrazySim/ros2_ws/install/motion_capture_tracking:/home/mrl-seuk/sitl_crazy/CrazySim/ros2_ws/install/crazyflie:/home/mrl-seuk/sitl_crazy/CrazySim/ros2_ws/install/motion_capture_tracking_interfaces:/home/mrl-seuk/sitl_crazy/CrazySim/ros2_ws/install/crazyflie_sim:/home/mrl-seuk/sitl_crazy/CrazySim/ros2_ws/install/crazyflie_examples:/home/mrl-seuk/sitl_crazy/CrazySim/ros2_ws/install/crazyflie_mpc:/home/mrl-seuk/sitl_crazy/CrazySim/ros2_ws/install/crazyflie_py:/opt/ros/humble LD_LIBRARY_PATH=/home/mrl-seuk/sitl_crazy/CrazySim/ros2_ws/install/crazyflie_interfaces/lib:/home/mrl-seuk/sitl_crazy/CrazySim/ros2_ws/install/motion_capture_tracking_interfaces/lib:/opt/ros/humble/opt/rviz_ogre_vendor/lib:/opt/ros/humble/lib/x86_64-linux-gnu:/opt/ros/humble/lib PYTHONPATH=/home/mrl-seuk/sitl_crazy/CrazySim/ros2_ws/build/crazyflie_py:/home/mrl-seuk/sitl_crazy/CrazySim/ros2_ws/install/crazyflie_py/lib/python3.10/site-packages:/home/mrl-seuk/sitl_crazy/CrazySim/ros2_ws/install/motion_capture_tracking_interfaces/local/lib/python3.10/dist-packages:/home/mrl-seuk/sitl_crazy/CrazySim/ros2_ws/install/crazyflie_sim/local/lib/python3.10/dist-packages:/home/mrl-seuk/sitl_crazy/CrazySim/ros2_ws/build/crazyflie_mpc:/home/mrl-seuk/sitl_crazy/CrazySim/ros2_ws/install/crazyflie_mpc/lib/python3.10/site-packages:/home/mrl-seuk/sitl_crazy/CrazySim/ros2_ws/install/crazyflie_examples/local/lib/python3.10/dist-packages:/home/mrl-seuk/sitl_crazy/CrazySim/ros2_ws/install/crazyflie_interfaces/local/lib/python3.10/dist-packages:/home/mrl-seuk/crazyflie/crazyflie-firmware/build:/opt/ros/humble/lib/python3.10/site-packages:/opt/ros/humble/local/lib/python3.10/dist-packages /usr/bin/cmake /home/mrl-seuk/sitl_crazy/CrazySim/ros2_ws/src/crazyswarm2/crazyflie_examples -DAMENT_CMAKE_SYMLINK_INSTALL=1 -DCMAKE_INSTALL_PREFIX=/home/mrl-seuk/sitl_crazy/CrazySim/ros2_ws/install/crazyflie_examples
[0.876s] Invoking command in '/home/mrl-seuk/sitl_crazy/CrazySim/ros2_ws/build/crazyflie_examples': AMENT_PREFIX_PATH=/home/mrl-seuk/sitl_crazy/CrazySim/ros2_ws/install/crazyflie_py:/home/mrl-seuk/sitl_crazy/CrazySim/ros2_ws/install/test_pkg:/home/mrl-seuk/sitl_crazy/CrazySim/ros2_ws/install/motion_capture_tracking:/home/mrl-seuk/sitl_crazy/CrazySim/ros2_ws/install/crazyflie:/home/mrl-seuk/sitl_crazy/CrazySim/ros2_ws/install/motion_capture_tracking_interfaces:/home/mrl-seuk/sitl_crazy/CrazySim/ros2_ws/install/crazyflie_sim:/home/mrl-seuk/sitl_crazy/CrazySim/ros2_ws/install/crazyflie_mpc:/home/mrl-seuk/sitl_crazy/CrazySim/ros2_ws/install/crazyflie_examples:/home/mrl-seuk/sitl_crazy/CrazySim/ros2_ws/install/crazyflie_interfaces:/opt/ros/humble CMAKE_PREFIX_PATH=/home/mrl-seuk/sitl_crazy/CrazySim/ros2_ws/install/crazyflie_interfaces:/home/mrl-seuk/sitl_crazy/CrazySim/ros2_ws/install/test_pkg:/home/mrl-seuk/sitl_crazy/CrazySim/ros2_ws/install/motion_capture_tracking:/home/mrl-seuk/sitl_crazy/CrazySim/ros2_ws/install/crazyflie:/home/mrl-seuk/sitl_crazy/CrazySim/ros2_ws/install/motion_capture_tracking_interfaces:/home/mrl-seuk/sitl_crazy/CrazySim/ros2_ws/install/crazyflie_sim:/home/mrl-seuk/sitl_crazy/CrazySim/ros2_ws/install/crazyflie_examples:/home/mrl-seuk/sitl_crazy/CrazySim/ros2_ws/install/crazyflie_mpc:/home/mrl-seuk/sitl_crazy/CrazySim/ros2_ws/install/crazyflie_py:/opt/ros/humble LD_LIBRARY_PATH=/home/mrl-seuk/sitl_crazy/CrazySim/ros2_ws/install/crazyflie_interfaces/lib:/home/mrl-seuk/sitl_crazy/CrazySim/ros2_ws/install/motion_capture_tracking_interfaces/lib:/opt/ros/humble/opt/rviz_ogre_vendor/lib:/opt/ros/humble/lib/x86_64-linux-gnu:/opt/ros/humble/lib PYTHONPATH=/home/mrl-seuk/sitl_crazy/CrazySim/ros2_ws/build/crazyflie_py:/home/mrl-seuk/sitl_crazy/CrazySim/ros2_ws/install/crazyflie_py/lib/python3.10/site-packages:/home/mrl-seuk/sitl_crazy/CrazySim/ros2_ws/install/motion_capture_tracking_interfaces/local/lib/python3.10/dist-packages:/home/mrl-seuk/sitl_crazy/CrazySim/ros2_ws/install/crazyflie_sim/local/lib/python3.10/dist-packages:/home/mrl-seuk/sitl_crazy/CrazySim/ros2_ws/build/crazyflie_mpc:/home/mrl-seuk/sitl_crazy/CrazySim/ros2_ws/install/crazyflie_mpc/lib/python3.10/site-packages:/home/mrl-seuk/sitl_crazy/CrazySim/ros2_ws/install/crazyflie_examples/local/lib/python3.10/dist-packages:/home/mrl-seuk/sitl_crazy/CrazySim/ros2_ws/install/crazyflie_interfaces/local/lib/python3.10/dist-packages:/home/mrl-seuk/crazyflie/crazyflie-firmware/build:/opt/ros/humble/lib/python3.10/site-packages:/opt/ros/humble/local/lib/python3.10/dist-packages /usr/bin/cmake --build /home/mrl-seuk/sitl_crazy/CrazySim/ros2_ws/build/crazyflie_examples -- -j16 -l16
[1.002s] Built target ament_cmake_python_symlink_crazyflie_examples_setup
[1.034s] Built target ament_cmake_python_symlink_crazyflie_examples
[1.437s] running egg_info
[1.441s] creating crazyflie_examples.egg-info
[1.441s] writing crazyflie_examples.egg-info/PKG-INFO
[1.441s] writing dependency_links to crazyflie_examples.egg-info/dependency_links.txt
[1.441s] writing entry points to crazyflie_examples.egg-info/entry_points.txt
[1.441s] writing top-level names to crazyflie_examples.egg-info/top_level.txt
[1.441s] writing manifest file 'crazyflie_examples.egg-info/SOURCES.txt'
[1.446s] reading manifest file 'crazyflie_examples.egg-info/SOURCES.txt'
[1.447s] writing manifest file 'crazyflie_examples.egg-info/SOURCES.txt'
[1.514s] running install_scripts
[1.514s] /usr/lib/python3/dist-packages/setuptools/command/install.py:34: SetuptoolsDeprecationWarning: setup.py install is deprecated. Use build and pip and other standards-based tools.
[1.514s]   warnings.warn(
[1.521s] Built target ament_cmake_python_build_crazyflie_examples_egg
[1.548s] running egg_info
[1.555s] writing crazyflie_examples.egg-info/PKG-INFO
[1.555s] writing dependency_links to crazyflie_examples.egg-info/dependency_links.txt
[1.555s] writing entry points to crazyflie_examples.egg-info/entry_points.txt
[1.556s] writing top-level names to crazyflie_examples.egg-info/top_level.txt
[1.556s] reading manifest file 'crazyflie_examples.egg-info/SOURCES.txt'
[1.557s] writing manifest file 'crazyflie_examples.egg-info/SOURCES.txt'
[1.560s] Installing cmd_full_state script to scripts
[1.560s] Installing figure8 script to scripts
[1.560s] Installing goto_subscriber script to scripts
[1.560s] Installing hello_world script to scripts
[1.561s] Installing multi_trajectory script to scripts
[1.561s] Installing nice_hover script to scripts
[1.561s] Installing set_param script to scripts
[1.639s] Built target ament_cmake_python_build_crazyflie_examples_scripts
[1.667s] Invoked command in '/home/mrl-seuk/sitl_crazy/CrazySim/ros2_ws/build/crazyflie_examples' returned '0': AMENT_PREFIX_PATH=/home/mrl-seuk/sitl_crazy/CrazySim/ros2_ws/install/crazyflie_py:/home/mrl-seuk/sitl_crazy/CrazySim/ros2_ws/install/test_pkg:/home/mrl-seuk/sitl_crazy/CrazySim/ros2_ws/install/motion_capture_tracking:/home/mrl-seuk/sitl_crazy/CrazySim/ros2_ws/install/crazyflie:/home/mrl-seuk/sitl_crazy/CrazySim/ros2_ws/install/motion_capture_tracking_interfaces:/home/mrl-seuk/sitl_crazy/CrazySim/ros2_ws/install/crazyflie_sim:/home/mrl-seuk/sitl_crazy/CrazySim/ros2_ws/install/crazyflie_mpc:/home/mrl-seuk/sitl_crazy/CrazySim/ros2_ws/install/crazyflie_examples:/home/mrl-seuk/sitl_crazy/CrazySim/ros2_ws/install/crazyflie_interfaces:/opt/ros/humble CMAKE_PREFIX_PATH=/home/mrl-seuk/sitl_crazy/CrazySim/ros2_ws/install/crazyflie_interfaces:/home/mrl-seuk/sitl_crazy/CrazySim/ros2_ws/install/test_pkg:/home/mrl-seuk/sitl_crazy/CrazySim/ros2_ws/install/motion_capture_tracking:/home/mrl-seuk/sitl_crazy/CrazySim/ros2_ws/install/crazyflie:/home/mrl-seuk/sitl_crazy/CrazySim/ros2_ws/install/motion_capture_tracking_interfaces:/home/mrl-seuk/sitl_crazy/CrazySim/ros2_ws/install/crazyflie_sim:/home/mrl-seuk/sitl_crazy/CrazySim/ros2_ws/install/crazyflie_examples:/home/mrl-seuk/sitl_crazy/CrazySim/ros2_ws/install/crazyflie_mpc:/home/mrl-seuk/sitl_crazy/CrazySim/ros2_ws/install/crazyflie_py:/opt/ros/humble LD_LIBRARY_PATH=/home/mrl-seuk/sitl_crazy/CrazySim/ros2_ws/install/crazyflie_interfaces/lib:/home/mrl-seuk/sitl_crazy/CrazySim/ros2_ws/install/motion_capture_tracking_interfaces/lib:/opt/ros/humble/opt/rviz_ogre_vendor/lib:/opt/ros/humble/lib/x86_64-linux-gnu:/opt/ros/humble/lib PYTHONPATH=/home/mrl-seuk/sitl_crazy/CrazySim/ros2_ws/build/crazyflie_py:/home/mrl-seuk/sitl_crazy/CrazySim/ros2_ws/install/crazyflie_py/lib/python3.10/site-packages:/home/mrl-seuk/sitl_crazy/CrazySim/ros2_ws/install/motion_capture_tracking_interfaces/local/lib/python3.10/dist-packages:/home/mrl-seuk/sitl_crazy/CrazySim/ros2_ws/install/crazyflie_sim/local/lib/python3.10/dist-packages:/home/mrl-seuk/sitl_crazy/CrazySim/ros2_ws/build/crazyflie_mpc:/home/mrl-seuk/sitl_crazy/CrazySim/ros2_ws/install/crazyflie_mpc/lib/python3.10/site-packages:/home/mrl-seuk/sitl_crazy/CrazySim/ros2_ws/install/crazyflie_examples/local/lib/python3.10/dist-packages:/home/mrl-seuk/sitl_crazy/CrazySim/ros2_ws/install/crazyflie_interfaces/local/lib/python3.10/dist-packages:/home/mrl-seuk/crazyflie/crazyflie-firmware/build:/opt/ros/humble/lib/python3.10/site-packages:/opt/ros/humble/local/lib/python3.10/dist-packages /usr/bin/cmake --build /home/mrl-seuk/sitl_crazy/CrazySim/ros2_ws/build/crazyflie_examples -- -j16 -l16
[1.668s] Invoking command in '/home/mrl-seuk/sitl_crazy/CrazySim/ros2_ws/build/crazyflie_examples': AMENT_PREFIX_PATH=/home/mrl-seuk/sitl_crazy/CrazySim/ros2_ws/install/crazyflie_py:/home/mrl-seuk/sitl_crazy/CrazySim/ros2_ws/install/test_pkg:/home/mrl-seuk/sitl_crazy/CrazySim/ros2_ws/install/motion_capture_tracking:/home/mrl-seuk/sitl_crazy/CrazySim/ros2_ws/install/crazyflie:/home/mrl-seuk/sitl_crazy/CrazySim/ros2_ws/install/motion_capture_tracking_interfaces:/home/mrl-seuk/sitl_crazy/CrazySim/ros2_ws/install/crazyflie_sim:/home/mrl-seuk/sitl_crazy/CrazySim/ros2_ws/install/crazyflie_mpc:/home/mrl-seuk/sitl_crazy/CrazySim/ros2_ws/install/crazyflie_examples:/home/mrl-seuk/sitl_crazy/CrazySim/ros2_ws/install/crazyflie_interfaces:/opt/ros/humble CMAKE_PREFIX_PATH=/home/mrl-seuk/sitl_crazy/CrazySim/ros2_ws/install/crazyflie_interfaces:/home/mrl-seuk/sitl_crazy/CrazySim/ros2_ws/install/test_pkg:/home/mrl-seuk/sitl_crazy/CrazySim/ros2_ws/install/motion_capture_tracking:/home/mrl-seuk/sitl_crazy/CrazySim/ros2_ws/install/crazyflie:/home/mrl-seuk/sitl_crazy/CrazySim/ros2_ws/install/motion_capture_tracking_interfaces:/home/mrl-seuk/sitl_crazy/CrazySim/ros2_ws/install/crazyflie_sim:/home/mrl-seuk/sitl_crazy/CrazySim/ros2_ws/install/crazyflie_examples:/home/mrl-seuk/sitl_crazy/CrazySim/ros2_ws/install/crazyflie_mpc:/home/mrl-seuk/sitl_crazy/CrazySim/ros2_ws/install/crazyflie_py:/opt/ros/humble LD_LIBRARY_PATH=/home/mrl-seuk/sitl_crazy/CrazySim/ros2_ws/install/crazyflie_interfaces/lib:/home/mrl-seuk/sitl_crazy/CrazySim/ros2_ws/install/motion_capture_tracking_interfaces/lib:/opt/ros/humble/opt/rviz_ogre_vendor/lib:/opt/ros/humble/lib/x86_64-linux-gnu:/opt/ros/humble/lib PYTHONPATH=/home/mrl-seuk/sitl_crazy/CrazySim/ros2_ws/build/crazyflie_py:/home/mrl-seuk/sitl_crazy/CrazySim/ros2_ws/install/crazyflie_py/lib/python3.10/site-packages:/home/mrl-seuk/sitl_crazy/CrazySim/ros2_ws/install/motion_capture_tracking_interfaces/local/lib/python3.10/dist-packages:/home/mrl-seuk/sitl_crazy/CrazySim/ros2_ws/install/crazyflie_sim/local/lib/python3.10/dist-packages:/home/mrl-seuk/sitl_crazy/CrazySim/ros2_ws/build/crazyflie_mpc:/home/mrl-seuk/sitl_crazy/CrazySim/ros2_ws/install/crazyflie_mpc/lib/python3.10/site-packages:/home/mrl-seuk/sitl_crazy/CrazySim/ros2_ws/install/crazyflie_examples/local/lib/python3.10/dist-packages:/home/mrl-seuk/sitl_crazy/CrazySim/ros2_ws/install/crazyflie_interfaces/local/lib/python3.10/dist-packages:/home/mrl-seuk/crazyflie/crazyflie-firmware/build:/opt/ros/humble/lib/python3.10/site-packages:/opt/ros/humble/local/lib/python3.10/dist-packages /usr/bin/cmake --install /home/mrl-seuk/sitl_crazy/CrazySim/ros2_ws/build/crazyflie_examples
[1.675s] -- Install configuration: ""
[1.679s] -- Execute custom install script
[1.679s] -- Symlinking: /home/mrl-seuk/sitl_crazy/CrazySim/ros2_ws/install/crazyflie_examples/share/crazyflie_examples/environment/pythonpath.sh
[1.689s] -- Symlinking: /home/mrl-seuk/sitl_crazy/CrazySim/ros2_ws/install/crazyflie_examples/share/crazyflie_examples/environment/pythonpath.dsv
[1.704s] -- Symlinking: /home/mrl-seuk/sitl_crazy/CrazySim/ros2_ws/install/crazyflie_examples/local/lib/python3.10/dist-packages/crazyflie_examples-2.0.0-py3.10.egg-info/PKG-INFO
[1.718s] -- Symlinking: /home/mrl-seuk/sitl_crazy/CrazySim/ros2_ws/install/crazyflie_examples/local/lib/python3.10/dist-packages/crazyflie_examples-2.0.0-py3.10.egg-info/SOURCES.txt
[1.733s] -- Symlinking: /home/mrl-seuk/sitl_crazy/CrazySim/ros2_ws/install/crazyflie_examples/local/lib/python3.10/dist-packages/crazyflie_examples-2.0.0-py3.10.egg-info/dependency_links.txt
[1.749s] -- Symlinking: /home/mrl-seuk/sitl_crazy/CrazySim/ros2_ws/install/crazyflie_examples/local/lib/python3.10/dist-packages/crazyflie_examples-2.0.0-py3.10.egg-info/entry_points.txt
[1.764s] -- Symlinking: /home/mrl-seuk/sitl_crazy/CrazySim/ros2_ws/install/crazyflie_examples/local/lib/python3.10/dist-packages/crazyflie_examples-2.0.0-py3.10.egg-info/top_level.txt
[1.779s] -- Symlinking: /home/mrl-seuk/sitl_crazy/CrazySim/ros2_ws/install/crazyflie_examples/lib/crazyflie_examples//cmd_full_state
[1.794s] -- Symlinking: /home/mrl-seuk/sitl_crazy/CrazySim/ros2_ws/install/crazyflie_examples/lib/crazyflie_examples//figure8
[1.809s] -- Symlinking: /home/mrl-seuk/sitl_crazy/CrazySim/ros2_ws/install/crazyflie_examples/lib/crazyflie_examples//goto_subscriber
[1.823s] -- Symlinking: /home/mrl-seuk/sitl_crazy/CrazySim/ros2_ws/install/crazyflie_examples/lib/crazyflie_examples//hello_world
[1.838s] -- Symlinking: /home/mrl-seuk/sitl_crazy/CrazySim/ros2_ws/install/crazyflie_examples/lib/crazyflie_examples//multi_trajectory
[1.853s] -- Symlinking: /home/mrl-seuk/sitl_crazy/CrazySim/ros2_ws/install/crazyflie_examples/lib/crazyflie_examples//nice_hover
[1.868s] -- Symlinking: /home/mrl-seuk/sitl_crazy/CrazySim/ros2_ws/install/crazyflie_examples/lib/crazyflie_examples//set_param
[1.884s] -- Symlinking: /home/mrl-seuk/sitl_crazy/CrazySim/ros2_ws/install/crazyflie_examples/local/lib/python3.10/dist-packages/crazyflie_examples/__init__.py
[1.899s] -- Symlinking: /home/mrl-seuk/sitl_crazy/CrazySim/ros2_ws/install/crazyflie_examples/local/lib/python3.10/dist-packages/crazyflie_examples/cmd_full_state.py
[1.914s] -- Symlinking: /home/mrl-seuk/sitl_crazy/CrazySim/ros2_ws/install/crazyflie_examples/local/lib/python3.10/dist-packages/crazyflie_examples/data/figure8.csv
[1.928s] -- Symlinking: /home/mrl-seuk/sitl_crazy/CrazySim/ros2_ws/install/crazyflie_examples/local/lib/python3.10/dist-packages/crazyflie_examples/data/multi_trajectory/traj0.csv
[1.942s] -- Symlinking: /home/mrl-seuk/sitl_crazy/CrazySim/ros2_ws/install/crazyflie_examples/local/lib/python3.10/dist-packages/crazyflie_examples/data/multi_trajectory/traj1.csv
[1.957s] -- Symlinking: /home/mrl-seuk/sitl_crazy/CrazySim/ros2_ws/install/crazyflie_examples/local/lib/python3.10/dist-packages/crazyflie_examples/figure8.py
[1.970s] -- Symlinking: /home/mrl-seuk/sitl_crazy/CrazySim/ros2_ws/install/crazyflie_examples/local/lib/python3.10/dist-packages/crazyflie_examples/goto_subscriber.py
[1.984s] -- Symlinking: /home/mrl-seuk/sitl_crazy/CrazySim/ros2_ws/install/crazyflie_examples/local/lib/python3.10/dist-packages/crazyflie_examples/hello_world.py
[1.997s] -- Symlinking: /home/mrl-seuk/sitl_crazy/CrazySim/ros2_ws/install/crazyflie_examples/local/lib/python3.10/dist-packages/crazyflie_examples/multi_trajectory.py
[2.010s] -- Symlinking: /home/mrl-seuk/sitl_crazy/CrazySim/ros2_ws/install/crazyflie_examples/local/lib/python3.10/dist-packages/crazyflie_examples/nice_hover.py
[2.023s] -- Symlinking: /home/mrl-seuk/sitl_crazy/CrazySim/ros2_ws/install/crazyflie_examples/local/lib/python3.10/dist-packages/crazyflie_examples/set_param.py
[2.038s] -- Symlinking: /home/mrl-seuk/sitl_crazy/CrazySim/ros2_ws/install/crazyflie_examples/share/crazyflie_examples//config/nav2_params.yaml
[2.053s] -- Symlinking: /home/mrl-seuk/sitl_crazy/CrazySim/ros2_ws/install/crazyflie_examples/share/crazyflie_examples//config/nav2_view.rviz
[2.069s] -- Symlinking: /home/mrl-seuk/sitl_crazy/CrazySim/ros2_ws/install/crazyflie_examples/share/crazyflie_examples//data/map.data
[2.084s] -- Symlinking: /home/mrl-seuk/sitl_crazy/CrazySim/ros2_ws/install/crazyflie_examples/share/crazyflie_examples//data/map.pgm
[2.099s] -- Symlinking: /home/mrl-seuk/sitl_crazy/CrazySim/ros2_ws/install/crazyflie_examples/share/crazyflie_examples//data/map.posegraph
[2.115s] -- Symlinking: /home/mrl-seuk/sitl_crazy/CrazySim/ros2_ws/install/crazyflie_examples/share/crazyflie_examples//data/map.yaml
[2.130s] -- Symlinking: /home/mrl-seuk/sitl_crazy/CrazySim/ros2_ws/install/crazyflie_examples/share/crazyflie_examples//launch/keyboard_velmux_launch.py
[2.146s] -- Symlinking: /home/mrl-seuk/sitl_crazy/CrazySim/ros2_ws/install/crazyflie_examples/share/crazyflie_examples//launch/multiranger_mapping_launch.py
[2.161s] -- Symlinking: /home/mrl-seuk/sitl_crazy/CrazySim/ros2_ws/install/crazyflie_examples/share/crazyflie_examples//launch/multiranger_nav2_launch.py
[2.176s] -- Symlinking: /home/mrl-seuk/sitl_crazy/CrazySim/ros2_ws/install/crazyflie_examples/share/ament_index/resource_index/package_run_dependencies/crazyflie_examples
[2.189s] -- Symlinking: /home/mrl-seuk/sitl_crazy/CrazySim/ros2_ws/install/crazyflie_examples/share/ament_index/resource_index/parent_prefix_path/crazyflie_examples
[2.202s] -- Symlinking: /home/mrl-seuk/sitl_crazy/CrazySim/ros2_ws/install/crazyflie_examples/share/crazyflie_examples/environment/ament_prefix_path.sh
[2.214s] -- Symlinking: /home/mrl-seuk/sitl_crazy/CrazySim/ros2_ws/install/crazyflie_examples/share/crazyflie_examples/environment/ament_prefix_path.dsv
[2.228s] -- Symlinking: /home/mrl-seuk/sitl_crazy/CrazySim/ros2_ws/install/crazyflie_examples/share/crazyflie_examples/environment/path.sh
[2.241s] -- Symlinking: /home/mrl-seuk/sitl_crazy/CrazySim/ros2_ws/install/crazyflie_examples/share/crazyflie_examples/environment/path.dsv
[2.254s] -- Symlinking: /home/mrl-seuk/sitl_crazy/CrazySim/ros2_ws/install/crazyflie_examples/share/crazyflie_examples/local_setup.bash
[2.270s] -- Symlinking: /home/mrl-seuk/sitl_crazy/CrazySim/ros2_ws/install/crazyflie_examples/share/crazyflie_examples/local_setup.sh
[2.285s] -- Symlinking: /home/mrl-seuk/sitl_crazy/CrazySim/ros2_ws/install/crazyflie_examples/share/crazyflie_examples/local_setup.zsh
[2.300s] -- Symlinking: /home/mrl-seuk/sitl_crazy/CrazySim/ros2_ws/install/crazyflie_examples/share/crazyflie_examples/local_setup.dsv
[2.315s] -- Symlinking: /home/mrl-seuk/sitl_crazy/CrazySim/ros2_ws/install/crazyflie_examples/share/crazyflie_examples/package.dsv
[2.331s] -- Symlinking: /home/mrl-seuk/sitl_crazy/CrazySim/ros2_ws/install/crazyflie_examples/share/ament_index/resource_index/packages/crazyflie_examples
[2.346s] -- Symlinking: /home/mrl-seuk/sitl_crazy/CrazySim/ros2_ws/install/crazyflie_examples/share/crazyflie_examples/cmake/crazyflie_examplesConfig.cmake
[2.362s] -- Symlinking: /home/mrl-seuk/sitl_crazy/CrazySim/ros2_ws/install/crazyflie_examples/share/crazyflie_examples/cmake/crazyflie_examplesConfig-version.cmake
[2.377s] -- Symlinking: /home/mrl-seuk/sitl_crazy/CrazySim/ros2_ws/install/crazyflie_examples/share/crazyflie_examples/package.xml
[2.450s] Listing '/home/mrl-seuk/sitl_crazy/CrazySim/ros2_ws/install/crazyflie_examples/local/lib/python3.10/dist-packages/crazyflie_examples'...
[2.450s] Compiling '/home/mrl-seuk/sitl_crazy/CrazySim/ros2_ws/install/crazyflie_examples/local/lib/python3.10/dist-packages/crazyflie_examples/__init__.py'...
[2.450s] Compiling '/home/mrl-seuk/sitl_crazy/CrazySim/ros2_ws/install/crazyflie_examples/local/lib/python3.10/dist-packages/crazyflie_examples/cmd_full_state.py'...
[2.451s] Listing '/home/mrl-seuk/sitl_crazy/CrazySim/ros2_ws/install/crazyflie_examples/local/lib/python3.10/dist-packages/crazyflie_examples/data'...
[2.451s] Listing '/home/mrl-seuk/sitl_crazy/CrazySim/ros2_ws/install/crazyflie_examples/local/lib/python3.10/dist-packages/crazyflie_examples/data/multi_trajectory'...
[2.451s] Compiling '/home/mrl-seuk/sitl_crazy/CrazySim/ros2_ws/install/crazyflie_examples/local/lib/python3.10/dist-packages/crazyflie_examples/figure8.py'...
[2.451s] Compiling '/home/mrl-seuk/sitl_crazy/CrazySim/ros2_ws/install/crazyflie_examples/local/lib/python3.10/dist-packages/crazyflie_examples/goto_subscriber.py'...
[2.451s] Compiling '/home/mrl-seuk/sitl_crazy/CrazySim/ros2_ws/install/crazyflie_examples/local/lib/python3.10/dist-packages/crazyflie_examples/hello_world.py'...
[2.451s] Compiling '/home/mrl-seuk/sitl_crazy/CrazySim/ros2_ws/install/crazyflie_examples/local/lib/python3.10/dist-packages/crazyflie_examples/multi_trajectory.py'...
[2.451s] Compiling '/home/mrl-seuk/sitl_crazy/CrazySim/ros2_ws/install/crazyflie_examples/local/lib/python3.10/dist-packages/crazyflie_examples/nice_hover.py'...
[2.451s] Compiling '/home/mrl-seuk/sitl_crazy/CrazySim/ros2_ws/install/crazyflie_examples/local/lib/python3.10/dist-packages/crazyflie_examples/set_param.py'...
[2.465s] Invoked command in '/home/mrl-seuk/sitl_crazy/CrazySim/ros2_ws/build/crazyflie_examples' returned '0': AMENT_PREFIX_PATH=/home/mrl-seuk/sitl_crazy/CrazySim/ros2_ws/install/crazyflie_py:/home/mrl-seuk/sitl_crazy/CrazySim/ros2_ws/install/test_pkg:/home/mrl-seuk/sitl_crazy/CrazySim/ros2_ws/install/motion_capture_tracking:/home/mrl-seuk/sitl_crazy/CrazySim/ros2_ws/install/crazyflie:/home/mrl-seuk/sitl_crazy/CrazySim/ros2_ws/install/motion_capture_tracking_interfaces:/home/mrl-seuk/sitl_crazy/CrazySim/ros2_ws/install/crazyflie_sim:/home/mrl-seuk/sitl_crazy/CrazySim/ros2_ws/install/crazyflie_mpc:/home/mrl-seuk/sitl_crazy/CrazySim/ros2_ws/install/crazyflie_examples:/home/mrl-seuk/sitl_crazy/CrazySim/ros2_ws/install/crazyflie_interfaces:/opt/ros/humble CMAKE_PREFIX_PATH=/home/mrl-seuk/sitl_crazy/CrazySim/ros2_ws/install/crazyflie_interfaces:/home/mrl-seuk/sitl_crazy/CrazySim/ros2_ws/install/test_pkg:/home/mrl-seuk/sitl_crazy/CrazySim/ros2_ws/install/motion_capture_tracking:/home/mrl-seuk/sitl_crazy/CrazySim/ros2_ws/install/crazyflie:/home/mrl-seuk/sitl_crazy/CrazySim/ros2_ws/install/motion_capture_tracking_interfaces:/home/mrl-seuk/sitl_crazy/CrazySim/ros2_ws/install/crazyflie_sim:/home/mrl-seuk/sitl_crazy/CrazySim/ros2_ws/install/crazyflie_examples:/home/mrl-seuk/sitl_crazy/CrazySim/ros2_ws/install/crazyflie_mpc:/home/mrl-seuk/sitl_crazy/CrazySim/ros2_ws/install/crazyflie_py:/opt/ros/humble LD_LIBRARY_PATH=/home/mrl-seuk/sitl_crazy/CrazySim/ros2_ws/install/crazyflie_interfaces/lib:/home/mrl-seuk/sitl_crazy/CrazySim/ros2_ws/install/motion_capture_tracking_interfaces/lib:/opt/ros/humble/opt/rviz_ogre_vendor/lib:/opt/ros/humble/lib/x86_64-linux-gnu:/opt/ros/humble/lib PYTHONPATH=/home/mrl-seuk/sitl_crazy/CrazySim/ros2_ws/build/crazyflie_py:/home/mrl-seuk/sitl_crazy/CrazySim/ros2_ws/install/crazyflie_py/lib/python3.10/site-packages:/home/mrl-seuk/sitl_crazy/CrazySim/ros2_ws/install/motion_capture_tracking_interfaces/local/lib/python3.10/dist-packages:/home/mrl-seuk/sitl_crazy/CrazySim/ros2_ws/install/crazyflie_sim/local/lib/python3.10/dist-packages:/home/mrl-seuk/sitl_crazy/CrazySim/ros2_ws/build/crazyflie_mpc:/home/mrl-seuk/sitl_crazy/CrazySim/ros2_ws/install/crazyflie_mpc/lib/python3.10/site-packages:/home/mrl-seuk/sitl_crazy/CrazySim/ros2_ws/install/crazyflie_examples/local/lib/python3.10/dist-packages:/home/mrl-seuk/sitl_crazy/CrazySim/ros2_ws/install/crazyflie_interfaces/local/lib/python3.10/dist-packages:/home/mrl-seuk/crazyflie/crazyflie-firmware/build:/opt/ros/humble/lib/python3.10/site-packages:/opt/ros/humble/local/lib/python3.10/dist-packages /usr/bin/cmake --install /home/mrl-seuk/sitl_crazy/CrazySim/ros2_ws/build/crazyflie_examples
