[0.252s] Invoking command in '/home/mrl-seuk/sitl_crazy/CrazySim/ros2_ws/build/crazyflie': CMAKE_PREFIX_PATH=/home/mrl-seuk/sitl_crazy/CrazySim/ros2_ws/install/motion_capture_tracking_interfaces:/home/mrl-seuk/sitl_crazy/CrazySim/ros2_ws/install/crazyflie_interfaces:/home/mrl-seuk/sitl_crazy/CrazySim/ros2_ws/install/test_pkg:/home/mrl-seuk/sitl_crazy/CrazySim/ros2_ws/install/motion_capture_tracking:/home/mrl-seuk/sitl_crazy/CrazySim/ros2_ws/install/crazyflie:/home/mrl-seuk/sitl_crazy/CrazySim/ros2_ws/install/crazyflie_sim:/home/mrl-seuk/sitl_crazy/CrazySim/ros2_ws/install/crazyflie_examples:/home/mrl-seuk/sitl_crazy/CrazySim/ros2_ws/install/crazyflie_mpc:/home/mrl-seuk/sitl_crazy/CrazySim/ros2_ws/install/crazyflie_py:/opt/ros/humble /usr/bin/cmake --build /home/mrl-seuk/sitl_crazy/CrazySim/ros2_ws/build/crazyflie -- -j16 -l16
[0.276s] -- Found ament_cmake: 1.3.11 (/opt/ros/humble/share/ament_cmake/cmake)
[0.390s] -- Override CMake install command with custom implementation using symlinks instead of copying resources
[0.397s] -- Found rclcpp: 16.0.11 (/opt/ros/humble/share/rclcpp/cmake)
[0.419s] -- Found rosidl_generator_c: 3.1.6 (/opt/ros/humble/share/rosidl_generator_c/cmake)
[0.421s] -- Found rosidl_adapter: 3.1.6 (/opt/ros/humble/share/rosidl_adapter/cmake)
[0.425s] -- Found rosidl_generator_cpp: 3.1.6 (/opt/ros/humble/share/rosidl_generator_cpp/cmake)
[0.433s] -- Using all available rosidl_typesupport_c: rosidl_typesupport_fastrtps_c;rosidl_typesupport_introspection_c
[0.442s] -- Using all available rosidl_typesupport_cpp: rosidl_typesupport_fastrtps_cpp;rosidl_typesupport_introspection_cpp
[0.466s] -- Found rmw_implementation_cmake: 6.1.2 (/opt/ros/humble/share/rmw_implementation_cmake/cmake)
[0.467s] -- Found rmw_fastrtps_cpp: 6.2.7 (/opt/ros/humble/share/rmw_fastrtps_cpp/cmake)
[0.572s] -- Using RMW implementation 'rmw_fastrtps_cpp' as default
[0.609s] -- Found tf2_ros: 0.25.12 (/opt/ros/humble/share/tf2_ros/cmake)
[0.681s] -- Found rclpy: 3.3.15 (/opt/ros/humble/share/rclpy/cmake)
[0.681s] -- Found std_srvs: 4.2.4 (/opt/ros/humble/share/std_srvs/cmake)
[0.691s] -- Found sensor_msgs: 4.2.4 (/opt/ros/humble/share/sensor_msgs/cmake)
[0.704s] -- Found crazyflie_interfaces: 2.0.0 (/home/mrl-seuk/sitl_crazy/CrazySim/ros2_ws/install/crazyflie_interfaces/share/crazyflie_interfaces/cmake)
[0.716s] -- Found motion_capture_tracking_interfaces: 1.0.5 (/home/mrl-seuk/sitl_crazy/CrazySim/ros2_ws/install/motion_capture_tracking_interfaces/share/motion_capture_tracking_interfaces/cmake)
[0.806s] -- Configuring done
[0.848s] -- Generating done
[0.859s] -- Build files have been written to: /home/mrl-seuk/sitl_crazy/CrazySim/ros2_ws/build/crazyflie
[0.896s] [35m[1mConsolidate compiler generated dependencies of target teleop[0m
[0.897s] [35m[1mConsolidate compiler generated dependencies of target crazyflieLinkCpp[0m
[0.914s] [ 11%] [32mBuilding CXX object deps/crazyflie_tools/crazyflie_cpp/crazyflie-link-cpp/CMakeFiles/crazyflieLinkCpp.dir/src/Connection.cpp.o[0m
[0.914s] [ 11%] [32mBuilding CXX object deps/crazyflie_tools/crazyflie_cpp/crazyflie-link-cpp/CMakeFiles/crazyflieLinkCpp.dir/src/USBManager.cpp.o[0m
[0.914s] [ 11%] [32mBuilding CXX object deps/crazyflie_tools/crazyflie_cpp/crazyflie-link-cpp/CMakeFiles/crazyflieLinkCpp.dir/src/CrazyflieUSB.cpp.o[0m
[0.914s] [ 11%] [32mBuilding CXX object deps/crazyflie_tools/crazyflie_cpp/crazyflie-link-cpp/CMakeFiles/crazyflieLinkCpp.dir/src/USBDevice.cpp.o[0m
[0.915s] [ 13%] [32mBuilding CXX object deps/crazyflie_tools/crazyflie_cpp/crazyflie-link-cpp/CMakeFiles/crazyflieLinkCpp.dir/src/Crazyradio.cpp.o[0m
[0.916s] [ 16%] [32mBuilding CXX object deps/crazyflie_tools/crazyflie_cpp/crazyflie-link-cpp/CMakeFiles/crazyflieLinkCpp.dir/src/CrazyradioThread.cpp.o[0m
[0.916s] [ 22%] [32mBuilding CXX object deps/crazyflie_tools/crazyflie_cpp/crazyflie-link-cpp/CMakeFiles/crazyflieLinkCpp.dir/src/CrazyflieUSBThread.cpp.o[0m
[0.916s] [ 22%] [32mBuilding CXX object deps/crazyflie_tools/crazyflie_cpp/crazyflie-link-cpp/CMakeFiles/crazyflieLinkCpp.dir/src/Version.cpp.o[0m
[0.917s] [ 25%] [32mBuilding CXX object CMakeFiles/teleop.dir/src/teleop.cpp.o[0m
[4.701s] [ 27%] [32m[1mLinking CXX static library libcrazyflieLinkCpp.a[0m
[4.831s] [ 27%] Built target crazyflieLinkCpp
[4.850s] [35m[1mConsolidate compiler generated dependencies of target crazyflie_cpp[0m
[4.872s] [ 33%] [32mBuilding CXX object deps/crazyflie_tools/crazyflie_cpp/CMakeFiles/crazyflie_cpp.dir/src/crtp.cpp.o[0m
[4.873s] [ 33%] [32mBuilding CXX object deps/crazyflie_tools/crazyflie_cpp/CMakeFiles/crazyflie_cpp.dir/src/Crazyflie.cpp.o[0m
[7.596s] [ 36%] [32m[1mLinking CXX static library libcrazyflie_cpp.a[0m
[7.682s] [ 36%] Built target crazyflie_cpp
[7.706s] [35m[1mConsolidate compiler generated dependencies of target scan[0m
[7.706s] [35m[1mConsolidate compiler generated dependencies of target battery[0m
[7.706s] [35m[1mConsolidate compiler generated dependencies of target version[0m
[7.706s] [35m[1mConsolidate compiler generated dependencies of target listParams[0m
[7.706s] [35m[1mConsolidate compiler generated dependencies of target reboot[0m
[7.707s] [35m[1mConsolidate compiler generated dependencies of target listLogVariables[0m
[7.707s] [35m[1mConsolidate compiler generated dependencies of target listMemories[0m
[7.708s] [35m[1mConsolidate compiler generated dependencies of target crazyflie_server[0m
[7.714s] [35m[1mConsolidate compiler generated dependencies of target setParam[0m
[7.716s] [35m[1mConsolidate compiler generated dependencies of target log[0m
[7.719s] [35m[1mConsolidate compiler generated dependencies of target console[0m
[7.731s] [ 41%] [32mBuilding CXX object deps/crazyflie_tools/CMakeFiles/battery.dir/src/battery.cpp.o[0m
[7.731s] [ 41%] [32mBuilding CXX object deps/crazyflie_tools/CMakeFiles/scan.dir/src/scan.cpp.o[0m
[7.742s] [ 44%] [32mBuilding CXX object deps/crazyflie_tools/CMakeFiles/version.dir/src/version.cpp.o[0m
[7.743s] [ 47%] [32mBuilding CXX object deps/crazyflie_tools/CMakeFiles/listLogVariables.dir/src/listLogVariables.cpp.o[0m
[7.744s] [ 50%] [32mBuilding CXX object deps/crazyflie_tools/CMakeFiles/listMemories.dir/src/listMemories.cpp.o[0m
[7.746s] [ 52%] [32mBuilding CXX object deps/crazyflie_tools/CMakeFiles/reboot.dir/src/reboot.cpp.o[0m
[7.754s] [ 55%] [32mBuilding CXX object deps/crazyflie_tools/CMakeFiles/listParams.dir/src/listParams.cpp.o[0m
[7.757s] [ 58%] [32mBuilding CXX object deps/crazyflie_tools/CMakeFiles/setParam.dir/src/setParam.cpp.o[0m
[7.759s] [ 61%] [32mBuilding CXX object deps/crazyflie_tools/CMakeFiles/log.dir/src/log.cpp.o[0m
[7.764s] [ 66%] [32mBuilding CXX object CMakeFiles/crazyflie_server.dir/src/crazyflie_server.cpp.o[0m
[7.764s] [ 66%] [32mBuilding CXX object deps/crazyflie_tools/CMakeFiles/console.dir/src/console.cpp.o[0m
[10.399s] [ 69%] [32m[1mLinking CXX executable scan[0m
[10.468s] [ 72%] [32m[1mLinking CXX executable listLogVariables[0m
[10.473s] [ 75%] [32m[1mLinking CXX executable listMemories[0m
[10.728s] [ 77%] [32m[1mLinking CXX executable console[0m
[10.777s] [ 80%] [32m[1mLinking CXX executable listParams[0m
[10.920s] [ 83%] [32m[1mLinking CXX executable version[0m
[11.050s] [ 83%] Built target scan
[11.054s] [ 86%] [32m[1mLinking CXX executable battery[0m
[11.070s] [ 86%] Built target listLogVariables
[11.096s] [ 86%] Built target listMemories
[11.124s] [ 88%] [32m[1mLinking CXX executable setParam[0m
[11.151s] [ 91%] [32m[1mLinking CXX executable reboot[0m
[11.232s] [ 91%] Built target console
[11.345s] [ 94%] [32m[1mLinking CXX executable log[0m
[11.363s] [ 94%] Built target listParams
[11.507s] [ 94%] Built target version
[11.546s] [ 94%] Built target battery
[11.616s] [ 94%] Built target setParam
[11.646s] [ 94%] Built target reboot
[11.791s] [ 94%] Built target log
[20.337s] [ 97%] [32m[1mLinking CXX executable teleop[0m
[21.068s] [ 97%] Built target teleop
[36.772s] [100%] [32m[1mLinking CXX executable crazyflie_server[0m
[38.395s] [100%] Built target crazyflie_server
[38.409s] Invoked command in '/home/mrl-seuk/sitl_crazy/CrazySim/ros2_ws/build/crazyflie' returned '0': CMAKE_PREFIX_PATH=/home/mrl-seuk/sitl_crazy/CrazySim/ros2_ws/install/motion_capture_tracking_interfaces:/home/mrl-seuk/sitl_crazy/CrazySim/ros2_ws/install/crazyflie_interfaces:/home/mrl-seuk/sitl_crazy/CrazySim/ros2_ws/install/test_pkg:/home/mrl-seuk/sitl_crazy/CrazySim/ros2_ws/install/motion_capture_tracking:/home/mrl-seuk/sitl_crazy/CrazySim/ros2_ws/install/crazyflie:/home/mrl-seuk/sitl_crazy/CrazySim/ros2_ws/install/crazyflie_sim:/home/mrl-seuk/sitl_crazy/CrazySim/ros2_ws/install/crazyflie_examples:/home/mrl-seuk/sitl_crazy/CrazySim/ros2_ws/install/crazyflie_mpc:/home/mrl-seuk/sitl_crazy/CrazySim/ros2_ws/install/crazyflie_py:/opt/ros/humble /usr/bin/cmake --build /home/mrl-seuk/sitl_crazy/CrazySim/ros2_ws/build/crazyflie -- -j16 -l16
[38.410s] Invoking command in '/home/mrl-seuk/sitl_crazy/CrazySim/ros2_ws/build/crazyflie': CMAKE_PREFIX_PATH=/home/mrl-seuk/sitl_crazy/CrazySim/ros2_ws/install/motion_capture_tracking_interfaces:/home/mrl-seuk/sitl_crazy/CrazySim/ros2_ws/install/crazyflie_interfaces:/home/mrl-seuk/sitl_crazy/CrazySim/ros2_ws/install/test_pkg:/home/mrl-seuk/sitl_crazy/CrazySim/ros2_ws/install/motion_capture_tracking:/home/mrl-seuk/sitl_crazy/CrazySim/ros2_ws/install/crazyflie:/home/mrl-seuk/sitl_crazy/CrazySim/ros2_ws/install/crazyflie_sim:/home/mrl-seuk/sitl_crazy/CrazySim/ros2_ws/install/crazyflie_examples:/home/mrl-seuk/sitl_crazy/CrazySim/ros2_ws/install/crazyflie_mpc:/home/mrl-seuk/sitl_crazy/CrazySim/ros2_ws/install/crazyflie_py:/opt/ros/humble /usr/bin/cmake --install /home/mrl-seuk/sitl_crazy/CrazySim/ros2_ws/build/crazyflie
[38.419s] -- Install configuration: ""
[38.419s] -- Execute custom install script
[38.420s] -- Up-to-date symlink: /home/mrl-seuk/sitl_crazy/CrazySim/ros2_ws/install/crazyflie/lib/crazyflie/scan
[38.420s] -- Up-to-date symlink: /home/mrl-seuk/sitl_crazy/CrazySim/ros2_ws/install/crazyflie/lib/crazyflie/listParams
[38.420s] -- Up-to-date symlink: /home/mrl-seuk/sitl_crazy/CrazySim/ros2_ws/install/crazyflie/lib/crazyflie/listLogVariables
[38.420s] -- Up-to-date symlink: /home/mrl-seuk/sitl_crazy/CrazySim/ros2_ws/install/crazyflie/lib/crazyflie/listMemories
[38.420s] -- Up-to-date symlink: /home/mrl-seuk/sitl_crazy/CrazySim/ros2_ws/install/crazyflie/lib/crazyflie/reboot
[38.420s] -- Up-to-date symlink: /home/mrl-seuk/sitl_crazy/CrazySim/ros2_ws/install/crazyflie/lib/crazyflie/battery
[38.420s] -- Up-to-date symlink: /home/mrl-seuk/sitl_crazy/CrazySim/ros2_ws/install/crazyflie/lib/crazyflie/version
[38.421s] -- Up-to-date symlink: /home/mrl-seuk/sitl_crazy/CrazySim/ros2_ws/install/crazyflie/lib/crazyflie/console
[38.421s] -- Up-to-date symlink: /home/mrl-seuk/sitl_crazy/CrazySim/ros2_ws/install/crazyflie/lib/crazyflie/log
[38.421s] -- Up-to-date symlink: /home/mrl-seuk/sitl_crazy/CrazySim/ros2_ws/install/crazyflie/lib/crazyflie/setParam
[38.421s] -- Up-to-date symlink: /home/mrl-seuk/sitl_crazy/CrazySim/ros2_ws/install/crazyflie/lib/crazyflie/teleop
[38.421s] -- Up-to-date symlink: /home/mrl-seuk/sitl_crazy/CrazySim/ros2_ws/install/crazyflie/lib/crazyflie/crazyflie_server
[38.421s] -- Up-to-date symlink: /home/mrl-seuk/sitl_crazy/CrazySim/ros2_ws/install/crazyflie/lib/crazyflie/crazyflie_server.py
[38.421s] -- Up-to-date symlink: /home/mrl-seuk/sitl_crazy/CrazySim/ros2_ws/install/crazyflie/lib/crazyflie/chooser.py
[38.422s] -- Up-to-date symlink: /home/mrl-seuk/sitl_crazy/CrazySim/ros2_ws/install/crazyflie/lib/crazyflie/vel_mux.py
[38.422s] -- Up-to-date symlink: /home/mrl-seuk/sitl_crazy/CrazySim/ros2_ws/install/crazyflie/lib/crazyflie/cfmult.py
[38.422s] -- Up-to-date symlink: /home/mrl-seuk/sitl_crazy/CrazySim/ros2_ws/install/crazyflie/share/crazyflie//launch/launch.py
[38.422s] -- Up-to-date symlink: /home/mrl-seuk/sitl_crazy/CrazySim/ros2_ws/install/crazyflie/share/crazyflie//launch/launch_teleop2.py
[38.422s] -- Up-to-date symlink: /home/mrl-seuk/sitl_crazy/CrazySim/ros2_ws/install/crazyflie/share/crazyflie//launch/teleop_launch.py
[38.422s] -- Up-to-date symlink: /home/mrl-seuk/sitl_crazy/CrazySim/ros2_ws/install/crazyflie/share/crazyflie//config/config.rviz
[38.423s] -- Up-to-date symlink: /home/mrl-seuk/sitl_crazy/CrazySim/ros2_ws/install/crazyflie/share/crazyflie//config/crazyflies.yaml
[38.423s] -- Up-to-date symlink: /home/mrl-seuk/sitl_crazy/CrazySim/ros2_ws/install/crazyflie/share/crazyflie//config/motion_capture.yaml
[38.423s] -- Up-to-date symlink: /home/mrl-seuk/sitl_crazy/CrazySim/ros2_ws/install/crazyflie/share/crazyflie//config/server.yaml
[38.423s] -- Up-to-date symlink: /home/mrl-seuk/sitl_crazy/CrazySim/ros2_ws/install/crazyflie/share/crazyflie//config/teleop.yaml
[38.423s] -- Up-to-date symlink: /home/mrl-seuk/sitl_crazy/CrazySim/ros2_ws/install/crazyflie/share/ament_index/resource_index/package_run_dependencies/crazyflie
[38.423s] -- Up-to-date symlink: /home/mrl-seuk/sitl_crazy/CrazySim/ros2_ws/install/crazyflie/share/ament_index/resource_index/parent_prefix_path/crazyflie
[38.423s] -- Up-to-date symlink: /home/mrl-seuk/sitl_crazy/CrazySim/ros2_ws/install/crazyflie/share/crazyflie/environment/ament_prefix_path.sh
[38.423s] -- Up-to-date symlink: /home/mrl-seuk/sitl_crazy/CrazySim/ros2_ws/install/crazyflie/share/crazyflie/environment/ament_prefix_path.dsv
[38.424s] -- Up-to-date symlink: /home/mrl-seuk/sitl_crazy/CrazySim/ros2_ws/install/crazyflie/share/crazyflie/environment/path.sh
[38.424s] -- Up-to-date symlink: /home/mrl-seuk/sitl_crazy/CrazySim/ros2_ws/install/crazyflie/share/crazyflie/environment/path.dsv
[38.424s] -- Up-to-date symlink: /home/mrl-seuk/sitl_crazy/CrazySim/ros2_ws/install/crazyflie/share/crazyflie/local_setup.bash
[38.424s] -- Up-to-date symlink: /home/mrl-seuk/sitl_crazy/CrazySim/ros2_ws/install/crazyflie/share/crazyflie/local_setup.sh
[38.424s] -- Up-to-date symlink: /home/mrl-seuk/sitl_crazy/CrazySim/ros2_ws/install/crazyflie/share/crazyflie/local_setup.zsh
[38.424s] -- Up-to-date symlink: /home/mrl-seuk/sitl_crazy/CrazySim/ros2_ws/install/crazyflie/share/crazyflie/local_setup.dsv
[38.424s] -- Symlinking: /home/mrl-seuk/sitl_crazy/CrazySim/ros2_ws/install/crazyflie/share/crazyflie/package.dsv
[38.434s] -- Up-to-date symlink: /home/mrl-seuk/sitl_crazy/CrazySim/ros2_ws/install/crazyflie/share/ament_index/resource_index/packages/crazyflie
[38.434s] -- Up-to-date symlink: /home/mrl-seuk/sitl_crazy/CrazySim/ros2_ws/install/crazyflie/share/crazyflie/cmake/crazyflieConfig.cmake
[38.434s] -- Up-to-date symlink: /home/mrl-seuk/sitl_crazy/CrazySim/ros2_ws/install/crazyflie/share/crazyflie/cmake/crazyflieConfig-version.cmake
[38.435s] -- Up-to-date symlink: /home/mrl-seuk/sitl_crazy/CrazySim/ros2_ws/install/crazyflie/share/crazyflie/package.xml
[38.437s] Invoked command in '/home/mrl-seuk/sitl_crazy/CrazySim/ros2_ws/build/crazyflie' returned '0': CMAKE_PREFIX_PATH=/home/mrl-seuk/sitl_crazy/CrazySim/ros2_ws/install/motion_capture_tracking_interfaces:/home/mrl-seuk/sitl_crazy/CrazySim/ros2_ws/install/crazyflie_interfaces:/home/mrl-seuk/sitl_crazy/CrazySim/ros2_ws/install/test_pkg:/home/mrl-seuk/sitl_crazy/CrazySim/ros2_ws/install/motion_capture_tracking:/home/mrl-seuk/sitl_crazy/CrazySim/ros2_ws/install/crazyflie:/home/mrl-seuk/sitl_crazy/CrazySim/ros2_ws/install/crazyflie_sim:/home/mrl-seuk/sitl_crazy/CrazySim/ros2_ws/install/crazyflie_examples:/home/mrl-seuk/sitl_crazy/CrazySim/ros2_ws/install/crazyflie_mpc:/home/mrl-seuk/sitl_crazy/CrazySim/ros2_ws/install/crazyflie_py:/opt/ros/humble /usr/bin/cmake --install /home/mrl-seuk/sitl_crazy/CrazySim/ros2_ws/build/crazyflie
