[0.243s] Invoking command in '/home/mrl-seuk/sitl_crazy/CrazySim/ros2_ws/build/crazyflie': CMAKE_PREFIX_PATH=/home/mrl-seuk/sitl_crazy/CrazySim/ros2_ws/install/motion_capture_tracking_interfaces:/home/mrl-seuk/sitl_crazy/CrazySim/ros2_ws/install/crazyflie_interfaces:/home/mrl-seuk/sitl_crazy/CrazySim/ros2_ws/install/test_pkg:/home/mrl-seuk/sitl_crazy/CrazySim/ros2_ws/install/motion_capture_tracking:/home/mrl-seuk/sitl_crazy/CrazySim/ros2_ws/install/crazyflie:/home/mrl-seuk/sitl_crazy/CrazySim/ros2_ws/install/crazyflie_sim:/home/mrl-seuk/sitl_crazy/CrazySim/ros2_ws/install/crazyflie_examples:/home/mrl-seuk/sitl_crazy/CrazySim/ros2_ws/install/crazyflie_mpc:/home/mrl-seuk/sitl_crazy/CrazySim/ros2_ws/install/crazyflie_py:/opt/ros/humble /usr/bin/cmake --build /home/mrl-seuk/sitl_crazy/CrazySim/ros2_ws/build/crazyflie -- -j16 -l16
[0.266s] -- Found ament_cmake: 1.3.11 (/opt/ros/humble/share/ament_cmake/cmake)
[0.372s] -- Override CMake install command with custom implementation using symlinks instead of copying resources
[0.378s] -- Found rclcpp: 16.0.11 (/opt/ros/humble/share/rclcpp/cmake)
[0.399s] -- Found rosidl_generator_c: 3.1.6 (/opt/ros/humble/share/rosidl_generator_c/cmake)
[0.401s] -- Found rosidl_adapter: 3.1.6 (/opt/ros/humble/share/rosidl_adapter/cmake)
[0.405s] -- Found rosidl_generator_cpp: 3.1.6 (/opt/ros/humble/share/rosidl_generator_cpp/cmake)
[0.412s] -- Using all available rosidl_typesupport_c: rosidl_typesupport_fastrtps_c;rosidl_typesupport_introspection_c
[0.422s] -- Using all available rosidl_typesupport_cpp: rosidl_typesupport_fastrtps_cpp;rosidl_typesupport_introspection_cpp
[0.444s] -- Found rmw_implementation_cmake: 6.1.2 (/opt/ros/humble/share/rmw_implementation_cmake/cmake)
[0.445s] -- Found rmw_fastrtps_cpp: 6.2.7 (/opt/ros/humble/share/rmw_fastrtps_cpp/cmake)
[0.544s] -- Using RMW implementation 'rmw_fastrtps_cpp' as default
[0.580s] -- Found tf2_ros: 0.25.12 (/opt/ros/humble/share/tf2_ros/cmake)
[0.649s] -- Found rclpy: 3.3.15 (/opt/ros/humble/share/rclpy/cmake)
[0.649s] -- Found std_srvs: 4.2.4 (/opt/ros/humble/share/std_srvs/cmake)
[0.659s] -- Found sensor_msgs: 4.2.4 (/opt/ros/humble/share/sensor_msgs/cmake)
[0.671s] -- Found crazyflie_interfaces: 2.0.0 (/home/mrl-seuk/sitl_crazy/CrazySim/ros2_ws/install/crazyflie_interfaces/share/crazyflie_interfaces/cmake)
[0.683s] -- Found motion_capture_tracking_interfaces: 1.0.5 (/home/mrl-seuk/sitl_crazy/CrazySim/ros2_ws/install/motion_capture_tracking_interfaces/share/motion_capture_tracking_interfaces/cmake)
[0.770s] -- Configuring done
[0.808s] -- Generating done
[0.818s] -- Build files have been written to: /home/mrl-seuk/sitl_crazy/CrazySim/ros2_ws/build/crazyflie
[0.852s] [35m[1mConsolidate compiler generated dependencies of target teleop[0m
[0.853s] [35m[1mConsolidate compiler generated dependencies of target crazyflieLinkCpp[0m
[0.870s] [ 11%] [32mBuilding CXX object deps/crazyflie_tools/crazyflie_cpp/crazyflie-link-cpp/CMakeFiles/crazyflieLinkCpp.dir/src/USBDevice.cpp.o[0m
[0.870s] [ 11%] [32mBuilding CXX object CMakeFiles/teleop.dir/src/teleop.cpp.o[0m
[0.870s] [ 11%] [32mBuilding CXX object deps/crazyflie_tools/crazyflie_cpp/crazyflie-link-cpp/CMakeFiles/crazyflieLinkCpp.dir/src/USBManager.cpp.o[0m
[0.870s] [ 11%] [32mBuilding CXX object deps/crazyflie_tools/crazyflie_cpp/crazyflie-link-cpp/CMakeFiles/crazyflieLinkCpp.dir/src/Connection.cpp.o[0m
[0.870s] [ 13%] [32mBuilding CXX object deps/crazyflie_tools/crazyflie_cpp/crazyflie-link-cpp/CMakeFiles/crazyflieLinkCpp.dir/src/CrazyflieUSB.cpp.o[0m
[0.870s] [ 16%] [32mBuilding CXX object deps/crazyflie_tools/crazyflie_cpp/crazyflie-link-cpp/CMakeFiles/crazyflieLinkCpp.dir/src/Crazyradio.cpp.o[0m
[0.870s] [ 19%] [32mBuilding CXX object deps/crazyflie_tools/crazyflie_cpp/crazyflie-link-cpp/CMakeFiles/crazyflieLinkCpp.dir/src/Version.cpp.o[0m
[0.870s] [ 22%] [32mBuilding CXX object deps/crazyflie_tools/crazyflie_cpp/crazyflie-link-cpp/CMakeFiles/crazyflieLinkCpp.dir/src/CrazyradioThread.cpp.o[0m
[0.870s] [ 25%] [32mBuilding CXX object deps/crazyflie_tools/crazyflie_cpp/crazyflie-link-cpp/CMakeFiles/crazyflieLinkCpp.dir/src/CrazyflieUSBThread.cpp.o[0m
[5.271s] [ 27%] [32m[1mLinking CXX static library libcrazyflieLinkCpp.a[0m
[5.398s] [ 27%] Built target crazyflieLinkCpp
[5.416s] [35m[1mConsolidate compiler generated dependencies of target crazyflie_cpp[0m
[5.453s] [ 30%] [32mBuilding CXX object deps/crazyflie_tools/crazyflie_cpp/CMakeFiles/crazyflie_cpp.dir/src/Crazyflie.cpp.o[0m
[5.463s] [ 33%] [32mBuilding CXX object deps/crazyflie_tools/crazyflie_cpp/CMakeFiles/crazyflie_cpp.dir/src/crtp.cpp.o[0m
[8.668s] [ 36%] [32m[1mLinking CXX static library libcrazyflie_cpp.a[0m
[8.760s] [ 36%] Built target crazyflie_cpp
[8.775s] [35m[1mConsolidate compiler generated dependencies of target listMemories[0m
[8.775s] [35m[1mConsolidate compiler generated dependencies of target crazyflie_server[0m
[8.778s] [35m[1mConsolidate compiler generated dependencies of target scan[0m
[8.778s] [35m[1mConsolidate compiler generated dependencies of target listParams[0m
[8.778s] [35m[1mConsolidate compiler generated dependencies of target battery[0m
[8.782s] [35m[1mConsolidate compiler generated dependencies of target reboot[0m
[8.783s] [35m[1mConsolidate compiler generated dependencies of target listLogVariables[0m
[8.786s] [35m[1mConsolidate compiler generated dependencies of target setParam[0m
[8.791s] [35m[1mConsolidate compiler generated dependencies of target log[0m
[8.792s] [35m[1mConsolidate compiler generated dependencies of target version[0m
[8.795s] [35m[1mConsolidate compiler generated dependencies of target console[0m
[8.804s] [ 38%] [32mBuilding CXX object deps/crazyflie_tools/CMakeFiles/listMemories.dir/src/listMemories.cpp.o[0m
[8.813s] [ 41%] [32mBuilding CXX object CMakeFiles/crazyflie_server.dir/src/crazyflie_server.cpp.o[0m
[8.821s] [ 44%] [32mBuilding CXX object deps/crazyflie_tools/CMakeFiles/reboot.dir/src/reboot.cpp.o[0m
[8.821s] [ 47%] [32mBuilding CXX object deps/crazyflie_tools/CMakeFiles/listParams.dir/src/listParams.cpp.o[0m
[8.825s] [ 50%] [32mBuilding CXX object deps/crazyflie_tools/CMakeFiles/listLogVariables.dir/src/listLogVariables.cpp.o[0m
[8.826s] [ 52%] [32mBuilding CXX object deps/crazyflie_tools/CMakeFiles/battery.dir/src/battery.cpp.o[0m
[8.827s] [ 55%] [32mBuilding CXX object deps/crazyflie_tools/CMakeFiles/version.dir/src/version.cpp.o[0m
[8.827s] [ 58%] [32mBuilding CXX object deps/crazyflie_tools/CMakeFiles/setParam.dir/src/setParam.cpp.o[0m
[8.832s] [ 61%] [32mBuilding CXX object deps/crazyflie_tools/CMakeFiles/scan.dir/src/scan.cpp.o[0m
[8.839s] [ 63%] [32mBuilding CXX object deps/crazyflie_tools/CMakeFiles/log.dir/src/log.cpp.o[0m
[8.847s] [ 66%] [32mBuilding CXX object deps/crazyflie_tools/CMakeFiles/console.dir/src/console.cpp.o[0m
[11.497s] [ 69%] [32m[1mLinking CXX executable listLogVariables[0m
[11.783s] [ 72%] [32m[1mLinking CXX executable reboot[0m
[11.786s] [ 75%] [32m[1mLinking CXX executable version[0m
[12.001s] [ 77%] [32m[1mLinking CXX executable listMemories[0m
[12.133s] [ 80%] [32m[1mLinking CXX executable scan[0m
[12.195s] [ 83%] [32m[1mLinking CXX executable listParams[0m
[12.246s] [ 83%] Built target version
[12.319s] [ 83%] Built target listLogVariables
[12.523s] [ 86%] [32m[1mLinking CXX executable battery[0m
[12.530s] [ 88%] [32m[1mLinking CXX executable console[0m
[12.543s] [ 88%] Built target reboot
[12.633s] [ 88%] Built target listMemories
[12.671s] [ 88%] Built target scan
[12.698s] [ 91%] [32m[1mLinking CXX executable setParam[0m
[12.727s] [ 91%] Built target listParams
[12.953s] [ 91%] Built target console
[12.953s] [ 91%] Built target battery
[12.968s] [ 91%] Built target setParam
[13.061s] [ 94%] [32m[1mLinking CXX executable log[0m
[13.452s] [ 94%] Built target log
[21.462s] [ 97%] [32m[1mLinking CXX executable teleop[0m
[22.093s] [ 97%] Built target teleop
[37.424s] [100%] [32m[1mLinking CXX executable crazyflie_server[0m
[39.126s] [100%] Built target crazyflie_server
[39.139s] Invoked command in '/home/mrl-seuk/sitl_crazy/CrazySim/ros2_ws/build/crazyflie' returned '0': CMAKE_PREFIX_PATH=/home/mrl-seuk/sitl_crazy/CrazySim/ros2_ws/install/motion_capture_tracking_interfaces:/home/mrl-seuk/sitl_crazy/CrazySim/ros2_ws/install/crazyflie_interfaces:/home/mrl-seuk/sitl_crazy/CrazySim/ros2_ws/install/test_pkg:/home/mrl-seuk/sitl_crazy/CrazySim/ros2_ws/install/motion_capture_tracking:/home/mrl-seuk/sitl_crazy/CrazySim/ros2_ws/install/crazyflie:/home/mrl-seuk/sitl_crazy/CrazySim/ros2_ws/install/crazyflie_sim:/home/mrl-seuk/sitl_crazy/CrazySim/ros2_ws/install/crazyflie_examples:/home/mrl-seuk/sitl_crazy/CrazySim/ros2_ws/install/crazyflie_mpc:/home/mrl-seuk/sitl_crazy/CrazySim/ros2_ws/install/crazyflie_py:/opt/ros/humble /usr/bin/cmake --build /home/mrl-seuk/sitl_crazy/CrazySim/ros2_ws/build/crazyflie -- -j16 -l16
[39.141s] Invoking command in '/home/mrl-seuk/sitl_crazy/CrazySim/ros2_ws/build/crazyflie': CMAKE_PREFIX_PATH=/home/mrl-seuk/sitl_crazy/CrazySim/ros2_ws/install/motion_capture_tracking_interfaces:/home/mrl-seuk/sitl_crazy/CrazySim/ros2_ws/install/crazyflie_interfaces:/home/mrl-seuk/sitl_crazy/CrazySim/ros2_ws/install/test_pkg:/home/mrl-seuk/sitl_crazy/CrazySim/ros2_ws/install/motion_capture_tracking:/home/mrl-seuk/sitl_crazy/CrazySim/ros2_ws/install/crazyflie:/home/mrl-seuk/sitl_crazy/CrazySim/ros2_ws/install/crazyflie_sim:/home/mrl-seuk/sitl_crazy/CrazySim/ros2_ws/install/crazyflie_examples:/home/mrl-seuk/sitl_crazy/CrazySim/ros2_ws/install/crazyflie_mpc:/home/mrl-seuk/sitl_crazy/CrazySim/ros2_ws/install/crazyflie_py:/opt/ros/humble /usr/bin/cmake --install /home/mrl-seuk/sitl_crazy/CrazySim/ros2_ws/build/crazyflie
[39.148s] -- Install configuration: ""
[39.148s] -- Execute custom install script
[39.148s] -- Up-to-date symlink: /home/mrl-seuk/sitl_crazy/CrazySim/ros2_ws/install/crazyflie/lib/crazyflie/scan
[39.149s] -- Up-to-date symlink: /home/mrl-seuk/sitl_crazy/CrazySim/ros2_ws/install/crazyflie/lib/crazyflie/listParams
[39.149s] -- Up-to-date symlink: /home/mrl-seuk/sitl_crazy/CrazySim/ros2_ws/install/crazyflie/lib/crazyflie/listLogVariables
[39.149s] -- Up-to-date symlink: /home/mrl-seuk/sitl_crazy/CrazySim/ros2_ws/install/crazyflie/lib/crazyflie/listMemories
[39.149s] -- Up-to-date symlink: /home/mrl-seuk/sitl_crazy/CrazySim/ros2_ws/install/crazyflie/lib/crazyflie/reboot
[39.149s] -- Up-to-date symlink: /home/mrl-seuk/sitl_crazy/CrazySim/ros2_ws/install/crazyflie/lib/crazyflie/battery
[39.149s] -- Up-to-date symlink: /home/mrl-seuk/sitl_crazy/CrazySim/ros2_ws/install/crazyflie/lib/crazyflie/version
[39.149s] -- Up-to-date symlink: /home/mrl-seuk/sitl_crazy/CrazySim/ros2_ws/install/crazyflie/lib/crazyflie/console
[39.150s] -- Up-to-date symlink: /home/mrl-seuk/sitl_crazy/CrazySim/ros2_ws/install/crazyflie/lib/crazyflie/log
[39.150s] -- Up-to-date symlink: /home/mrl-seuk/sitl_crazy/CrazySim/ros2_ws/install/crazyflie/lib/crazyflie/setParam
[39.150s] -- Up-to-date symlink: /home/mrl-seuk/sitl_crazy/CrazySim/ros2_ws/install/crazyflie/lib/crazyflie/teleop
[39.150s] -- Up-to-date symlink: /home/mrl-seuk/sitl_crazy/CrazySim/ros2_ws/install/crazyflie/lib/crazyflie/crazyflie_server
[39.150s] -- Up-to-date symlink: /home/mrl-seuk/sitl_crazy/CrazySim/ros2_ws/install/crazyflie/lib/crazyflie/crazyflie_server.py
[39.150s] -- Up-to-date symlink: /home/mrl-seuk/sitl_crazy/CrazySim/ros2_ws/install/crazyflie/lib/crazyflie/chooser.py
[39.150s] -- Up-to-date symlink: /home/mrl-seuk/sitl_crazy/CrazySim/ros2_ws/install/crazyflie/lib/crazyflie/vel_mux.py
[39.151s] -- Up-to-date symlink: /home/mrl-seuk/sitl_crazy/CrazySim/ros2_ws/install/crazyflie/lib/crazyflie/cfmult.py
[39.151s] -- Up-to-date symlink: /home/mrl-seuk/sitl_crazy/CrazySim/ros2_ws/install/crazyflie/share/crazyflie//launch/launch.py
[39.151s] -- Up-to-date symlink: /home/mrl-seuk/sitl_crazy/CrazySim/ros2_ws/install/crazyflie/share/crazyflie//launch/launch_teleop2.py
[39.151s] -- Up-to-date symlink: /home/mrl-seuk/sitl_crazy/CrazySim/ros2_ws/install/crazyflie/share/crazyflie//launch/teleop_launch.py
[39.152s] -- Up-to-date symlink: /home/mrl-seuk/sitl_crazy/CrazySim/ros2_ws/install/crazyflie/share/crazyflie//config/config.rviz
[39.152s] -- Up-to-date symlink: /home/mrl-seuk/sitl_crazy/CrazySim/ros2_ws/install/crazyflie/share/crazyflie//config/crazyflies.yaml
[39.152s] -- Up-to-date symlink: /home/mrl-seuk/sitl_crazy/CrazySim/ros2_ws/install/crazyflie/share/crazyflie//config/motion_capture.yaml
[39.152s] -- Up-to-date symlink: /home/mrl-seuk/sitl_crazy/CrazySim/ros2_ws/install/crazyflie/share/crazyflie//config/server.yaml
[39.152s] -- Up-to-date symlink: /home/mrl-seuk/sitl_crazy/CrazySim/ros2_ws/install/crazyflie/share/crazyflie//config/teleop.yaml
[39.153s] -- Up-to-date symlink: /home/mrl-seuk/sitl_crazy/CrazySim/ros2_ws/install/crazyflie/share/ament_index/resource_index/package_run_dependencies/crazyflie
[39.153s] -- Up-to-date symlink: /home/mrl-seuk/sitl_crazy/CrazySim/ros2_ws/install/crazyflie/share/ament_index/resource_index/parent_prefix_path/crazyflie
[39.153s] -- Up-to-date symlink: /home/mrl-seuk/sitl_crazy/CrazySim/ros2_ws/install/crazyflie/share/crazyflie/environment/ament_prefix_path.sh
[39.153s] -- Up-to-date symlink: /home/mrl-seuk/sitl_crazy/CrazySim/ros2_ws/install/crazyflie/share/crazyflie/environment/ament_prefix_path.dsv
[39.153s] -- Up-to-date symlink: /home/mrl-seuk/sitl_crazy/CrazySim/ros2_ws/install/crazyflie/share/crazyflie/environment/path.sh
[39.153s] -- Up-to-date symlink: /home/mrl-seuk/sitl_crazy/CrazySim/ros2_ws/install/crazyflie/share/crazyflie/environment/path.dsv
[39.153s] -- Up-to-date symlink: /home/mrl-seuk/sitl_crazy/CrazySim/ros2_ws/install/crazyflie/share/crazyflie/local_setup.bash
[39.154s] -- Up-to-date symlink: /home/mrl-seuk/sitl_crazy/CrazySim/ros2_ws/install/crazyflie/share/crazyflie/local_setup.sh
[39.154s] -- Up-to-date symlink: /home/mrl-seuk/sitl_crazy/CrazySim/ros2_ws/install/crazyflie/share/crazyflie/local_setup.zsh
[39.154s] -- Up-to-date symlink: /home/mrl-seuk/sitl_crazy/CrazySim/ros2_ws/install/crazyflie/share/crazyflie/local_setup.dsv
[39.154s] -- Symlinking: /home/mrl-seuk/sitl_crazy/CrazySim/ros2_ws/install/crazyflie/share/crazyflie/package.dsv
[39.164s] -- Up-to-date symlink: /home/mrl-seuk/sitl_crazy/CrazySim/ros2_ws/install/crazyflie/share/ament_index/resource_index/packages/crazyflie
[39.164s] -- Up-to-date symlink: /home/mrl-seuk/sitl_crazy/CrazySim/ros2_ws/install/crazyflie/share/crazyflie/cmake/crazyflieConfig.cmake
[39.164s] -- Up-to-date symlink: /home/mrl-seuk/sitl_crazy/CrazySim/ros2_ws/install/crazyflie/share/crazyflie/cmake/crazyflieConfig-version.cmake
[39.164s] -- Up-to-date symlink: /home/mrl-seuk/sitl_crazy/CrazySim/ros2_ws/install/crazyflie/share/crazyflie/package.xml
[39.167s] Invoked command in '/home/mrl-seuk/sitl_crazy/CrazySim/ros2_ws/build/crazyflie' returned '0': CMAKE_PREFIX_PATH=/home/mrl-seuk/sitl_crazy/CrazySim/ros2_ws/install/motion_capture_tracking_interfaces:/home/mrl-seuk/sitl_crazy/CrazySim/ros2_ws/install/crazyflie_interfaces:/home/mrl-seuk/sitl_crazy/CrazySim/ros2_ws/install/test_pkg:/home/mrl-seuk/sitl_crazy/CrazySim/ros2_ws/install/motion_capture_tracking:/home/mrl-seuk/sitl_crazy/CrazySim/ros2_ws/install/crazyflie:/home/mrl-seuk/sitl_crazy/CrazySim/ros2_ws/install/crazyflie_sim:/home/mrl-seuk/sitl_crazy/CrazySim/ros2_ws/install/crazyflie_examples:/home/mrl-seuk/sitl_crazy/CrazySim/ros2_ws/install/crazyflie_mpc:/home/mrl-seuk/sitl_crazy/CrazySim/ros2_ws/install/crazyflie_py:/opt/ros/humble /usr/bin/cmake --install /home/mrl-seuk/sitl_crazy/CrazySim/ros2_ws/build/crazyflie
