address : INADDR_ANY , port : 19950 
SOCKET_LINK: Create socket succeed 
SOCKET_LINK: Binding succeed 
SOCKET_LINK: Waiting for connection with gazebo ... 
SOCKET_LINK: Connection established with gazebo 
SYS: ----------------------------
SYS: Software-in-the-Loop Simulator is up and running!
SYS: Build 0:325690a77165 (NA) MODIFIED
SENSORS: Forcing sensors to SensorImplementation_sitl
AK8963 I2C connection [OK].
LPS25H I2C connection [OK].
Entering sensorsTask() 
ESTIMATOR: Estimator type forced
ESTIMATOR: Using Kalman (2) estimator
CONTROLLER: Using PID (1) controller
SYS: About to run tests in system.c.
SENSORS TEST PASSED [OK].
SYS: Self test passed!
STAB: Wait for sensor calibration...
GYro Bias found 
STAB: Starting stabilizer loop
ESTKALMAN: State out of bounds, resetting
SUP: Can not fly
SUP: Ready to fly
STAB: WARNING: stabilizer loop rate is off (1038)
ESTKALMAN: WARNING: Kalman prediction rate off (98)
ESTKALMAN: WARNING: Kalman prediction rate off (98)
ESTKALMAN: WARNING: Kalman prediction rate off (98)
ESTKALMAN: WARNING: Kalman prediction rate off (98)
ESTKALMAN: WARNING: Kalman prediction rate off (98)
ESTKALMAN: WARNING: Kalman prediction rate off (98)
ESTKALMAN: WARNING: Kalman prediction rate off (98)
ESTKALMAN: WARNING: Kalman prediction rate off (98)
ESTKALMAN: WARNING: Kalman prediction rate off (98)
ESTKALMAN: WARNING: Kalman prediction rate off (98)
ESTKALMAN: WARNING: Kalman prediction rate off (98)
ESTKALMAN: WARNING: Kalman prediction rate off (98)
ESTKALMAN: WARNING: Kalman prediction rate off (98)
ESTKALMAN: WARNING: Kalman prediction rate off (98)
ESTKALMAN: WARNING: Kalman prediction rate off (98)
ESTKALMAN: WARNING: Kalman prediction rate off (98)
ESTKALMAN: WARNING: Kalman prediction rate off (98)
ESTKALMAN: WARNING: Kalman prediction rate off (97)
ESTKALMAN: WARNING: Kalman prediction rate off (98)
ESTKALMAN: WARNING: Kalman prediction rate off (98)
ESTKALMAN: WARNING: Kalman prediction rate off (98)
ESTKALMAN: WARNING: Kalman prediction rate off (98)
ESTKALMAN: WARNING: Kalman prediction rate off (98)
ESTKALMAN: WARNING: Kalman prediction rate off (98)
ESTKALMAN: WARNING: Kalman prediction rate off (98)
ESTKALMAN: WARNING: Kalman prediction rate off (98)
ESTKALMAN: WARNING: Kalman prediction rate off (98)
ESTKALMAN: WARNING: Kalman prediction rate off (98)
ESTKALMAN: WARNING: Kalman prediction rate off (98)
ESTKALMAN: WARNING: Kalman prediction rate off (97)
ESTKALMAN: WARNING: Kalman prediction rate off (98)
ESTKALMAN: WARNING: Kalman prediction rate off (98)
ESTKALMAN: WARNING: Kalman prediction rate off (98)
ESTKALMAN: WARNING: Kalman prediction rate off (98)
ESTKALMAN: WARNING: Kalman prediction rate off (98)
ESTKALMAN: WARNING: Kalman prediction rate off (98)
ESTKALMAN: WARNING: Kalman prediction rate off (98)
ESTKALMAN: WARNING: Kalman prediction rate off (98)
ESTKALMAN: WARNING: Kalman prediction rate off (98)
ESTKALMAN: WARNING: Kalman prediction rate off (98)
ESTKALMAN: WARNING: Kalman prediction rate off (98)
ESTKALMAN: WARNING: Kalman prediction rate off (98)
ESTKALMAN: WARNING: Kalman prediction rate off (98)
ESTKALMAN: WARNING: Kalman prediction rate off (98)
ESTKALMAN: WARNING: Kalman prediction rate off (98)
ESTKALMAN: WARNING: Kalman prediction rate off (98)
ESTKALMAN: WARNING: Kalman prediction rate off (98)
ESTKALMAN: WARNING: Kalman prediction rate off (98)
ESTKALMAN: WARNING: Kalman prediction rate off (98)
ESTKALMAN: WARNING: Kalman prediction rate off (98)
ESTKALMAN: WARNING: Kalman prediction rate off (98)
ESTKALMAN: WARNING: Kalman prediction rate off (98)
ESTKALMAN: WARNING: Kalman prediction rate off (98)
ESTKALMAN: WARNING: Kalman prediction rate off (98)
ESTKALMAN: WARNING: Kalman prediction rate off (98)
ESTKALMAN: WARNING: Kalman prediction rate off (98)
ESTKALMAN: WARNING: Kalman prediction rate off (98)
ESTKALMAN: WARNING: Kalman prediction rate off (98)
ESTKALMAN: WARNING: Kalman prediction rate off (98)
ESTKALMAN: WARNING: Kalman prediction rate off (98)
ESTKALMAN: WARNING: Kalman prediction rate off (98)
ESTKALMAN: WARNING: Kalman prediction rate off (98)
ESTKALMAN: WARNING: Kalman prediction rate off (98)
ESTKALMAN: WARNING: Kalman prediction rate off (98)
ESTKALMAN: WARNING: Kalman prediction rate off (98)
ESTKALMAN: WARNING: Kalman prediction rate off (98)
ESTKALMAN: WARNING: Kalman prediction rate off (98)
ESTKALMAN: WARNING: Kalman prediction rate off (98)
ESTKALMAN: WARNING: Kalman prediction rate off (98)
ESTKALMAN: WARNING: Kalman prediction rate off (98)
ESTKALMAN: WARNING: Kalman prediction rate off (98)
ESTKALMAN: WARNING: Kalman prediction rate off (98)
ESTKALMAN: WARNING: Kalman prediction rate off (98)
ESTKALMAN: WARNING: Kalman prediction rate off (98)
ESTKALMAN: WARNING: Kalman prediction rate off (96)
ESTKALMAN: WARNING: Kalman prediction rate off (98)
ESTKALMAN: WARNING: Kalman prediction rate off (98)
ESTKALMAN: WARNING: Kalman prediction rate off (98)
ESTKALMAN: WARNING: Kalman prediction rate off (98)
ESTKALMAN: WARNING: Kalman prediction rate off (98)
ESTKALMAN: WARNING: Kalman prediction rate off (98)
ESTKALMAN: WARNING: Kalman prediction rate off (98)
ESTKALMAN: WARNING: Kalman prediction rate off (98)
ESTKALMAN: WARNING: Kalman prediction rate off (98)
ESTKALMAN: WARNING: Kalman prediction rate off (98)
ESTKALMAN: WARNING: Kalman prediction rate off (98)
ESTKALMAN: WARNING: Kalman prediction rate off (98)
ESTKALMAN: WARNING: Kalman prediction rate off (98)
ESTKALMAN: WARNING: Kalman prediction rate off (98)
ESTKALMAN: WARNING: Kalman prediction rate off (98)
ESTKALMAN: WARNING: Kalman prediction rate off (98)
ESTKALMAN: WARNING: Kalman prediction rate off (98)
ESTKALMAN: WARNING: Kalman prediction rate off (98)
ESTKALMAN: WARNING: Kalman prediction rate off (98)
ESTKALMAN: WARNING: Kalman prediction rate off (98)
ESTKALMAN: WARNING: Kalman prediction rate off (98)
ESTKALMAN: WARNING: Kalman prediction rate off (98)
ESTKALMAN: WARNING: Kalman prediction rate off (98)
ESTKALMAN: WARNING: Kalman prediction rate off (98)
ESTKALMAN: WARNING: Kalman prediction rate off (98)
ESTKALMAN: WARNING: Kalman prediction rate off (98)
ESTKALMAN: WARNING: Kalman prediction rate off (98)
ESTKALMAN: WARNING: Kalman prediction rate off (98)
ESTKALMAN: WARNING: Kalman prediction rate off (98)
ESTKALMAN: WARNING: Kalman prediction rate off (98)
ESTKALMAN: WARNING: Kalman prediction rate off (98)
ESTKALMAN: WARNING: Kalman prediction rate off (98)
ESTKALMAN: WARNING: Kalman prediction rate off (98)
ESTKALMAN: WARNING: Kalman prediction rate off (98)
ESTKALMAN: WARNING: Kalman prediction rate off (98)
ESTKALMAN: WARNING: Kalman prediction rate off (98)
ESTKALMAN: WARNING: Kalman prediction rate off (98)
ESTKALMAN: WARNING: Kalman prediction rate off (98)
ESTKALMAN: WARNING: Kalman prediction rate off (98)
ESTKALMAN: WARNING: Kalman prediction rate off (98)
ESTKALMAN: WARNING: Kalman prediction rate off (98)
ESTKALMAN: WARNING: Kalman prediction rate off (98)
ESTKALMAN: WARNING: Kalman prediction rate off (98)
ESTKALMAN: WARNING: Kalman prediction rate off (98)
ESTKALMAN: WARNING: Kalman prediction rate off (98)
ESTKALMAN: WARNING: Kalman prediction rate off (98)
ESTKALMAN: WARNING: Kalman prediction rate off (98)
ESTKALMAN: WARNING: Kalman prediction rate off (98)
ESTKALMAN: WARNING: Kalman prediction rate off (98)
ESTKALMAN: WARNING: Kalman prediction rate off (98)
ESTKALMAN: WARNING: Kalman prediction rate off (98)
ESTKALMAN: WARNING: Kalman prediction rate off (98)
ESTKALMAN: WARNING: Kalman prediction rate off (98)
ESTKALMAN: WARNING: Kalman prediction rate off (98)
ESTKALMAN: WARNING: Kalman prediction rate off (98)
ESTKALMAN: WARNING: Kalman prediction rate off (98)
ESTKALMAN: WARNING: Kalman prediction rate off (98)
ESTKALMAN: WARNING: Kalman prediction rate off (98)
ESTKALMAN: WARNING: Kalman prediction rate off (98)
ESTKALMAN: WARNING: Kalman prediction rate off (98)
ESTKALMAN: WARNING: Kalman prediction rate off (98)
ESTKALMAN: WARNING: Kalman prediction rate off (98)
ESTKALMAN: WARNING: Kalman prediction rate off (98)
ESTKALMAN: WARNING: Kalman prediction rate off (98)
ESTKALMAN: WARNING: Kalman prediction rate off (98)
ESTKALMAN: WARNING: Kalman prediction rate off (98)
ESTKALMAN: WARNING: Kalman prediction rate off (98)
ESTKALMAN: WARNING: Kalman prediction rate off (98)
ESTKALMAN: WARNING: Kalman prediction rate off (98)
ESTKALMAN: WARNING: Kalman prediction rate off (98)
ESTKALMAN: WARNING: Kalman prediction rate off (98)
ESTKALMAN: WARNING: Kalman prediction rate off (98)
ESTKALMAN: WARNING: Kalman prediction rate off (98)
ESTKALMAN: WARNING: Kalman prediction rate off (98)
ESTKALMAN: WARNING: Kalman prediction rate off (98)
ESTKALMAN: WARNING: Kalman prediction rate off (98)
ESTKALMAN: WARNING: Kalman prediction rate off (98)
ESTKALMAN: WARNING: Kalman prediction rate off (98)
ESTKALMAN: WARNING: Kalman prediction rate off (98)
ESTKALMAN: WARNING: Kalman prediction rate off (98)
ESTKALMAN: WARNING: Kalman prediction rate off (98)
ESTKALMAN: WARNING: Kalman prediction rate off (98)
ESTKALMAN: WARNING: Kalman prediction rate off (98)
ESTKALMAN: WARNING: Kalman prediction rate off (98)
ESTKALMAN: WARNING: Kalman prediction rate off (98)
ESTKALMAN: WARNING: Kalman prediction rate off (98)
ESTKALMAN: WARNING: Kalman prediction rate off (98)
ESTKALMAN: WARNING: Kalman prediction rate off (98)
ESTKALMAN: WARNING: Kalman prediction rate off (98)
ESTKALMAN: WARNING: Kalman prediction rate off (98)
ESTKALMAN: WARNING: Kalman prediction rate off (98)
ESTKALMAN: WARNING: Kalman prediction rate off (98)
ESTKALMAN: WARNING: Kalman prediction rate off (98)
ESTKALMAN: WARNING: Kalman prediction rate off (98)
ESTKALMAN: WARNING: Kalman prediction rate off (97)
ESTKALMAN: WARNING: Kalman prediction rate off (98)
ESTKALMAN: WARNING: Kalman prediction rate off (98)
ESTKALMAN: WARNING: Kalman prediction rate off (98)
ESTKALMAN: WARNING: Kalman prediction rate off (98)
ESTKALMAN: WARNING: Kalman prediction rate off (97)
ESTKALMAN: WARNING: Kalman prediction rate off (98)
ESTKALMAN: WARNING: Kalman prediction rate off (98)
ESTKALMAN: WARNING: Kalman prediction rate off (98)
ESTKALMAN: WARNING: Kalman prediction rate off (98)
ESTKALMAN: WARNING: Kalman prediction rate off (98)
ESTKALMAN: WARNING: Kalman prediction rate off (98)
ESTKALMAN: WARNING: Kalman prediction rate off (98)
ESTKALMAN: WARNING: Kalman prediction rate off (98)
ESTKALMAN: WARNING: Kalman prediction rate off (98)
ESTKALMAN: WARNING: Kalman prediction rate off (98)
ESTKALMAN: WARNING: Kalman prediction rate off (98)
ESTKALMAN: WARNING: Kalman prediction rate off (98)
ESTKALMAN: WARNING: Kalman prediction rate off (98)
ESTKALMAN: WARNING: Kalman prediction rate off (98)
ESTKALMAN: WARNING: Kalman prediction rate off (98)
ESTKALMAN: WARNING: Kalman prediction rate off (98)
ESTKALMAN: WARNING: Kalman prediction rate off (98)
ESTKALMAN: WARNING: Kalman prediction rate off (98)
ESTKALMAN: WARNING: Kalman prediction rate off (98)
ESTKALMAN: WARNING: Kalman prediction rate off (98)
ESTKALMAN: WARNING: Kalman prediction rate off (98)
ESTKALMAN: WARNING: Kalman prediction rate off (98)
ESTKALMAN: WARNING: Kalman prediction rate off (98)
ESTKALMAN: WARNING: Kalman prediction rate off (98)
ESTKALMAN: WARNING: Kalman prediction rate off (98)
ESTKALMAN: WARNING: Kalman prediction rate off (98)
ESTKALMAN: WARNING: Kalman prediction rate off (98)
ESTKALMAN: WARNING: Kalman prediction rate off (98)
ESTKALMAN: WARNING: Kalman prediction rate off (98)
ESTKALMAN: WARNING: Kalman prediction rate off (98)
ESTKALMAN: WARNING: Kalman prediction rate off (98)
ESTKALMAN: WARNING: Kalman prediction rate off (97)
ESTKALMAN: WARNING: Kalman prediction rate off (98)
ESTKALMAN: WARNING: Kalman prediction rate off (98)
ESTKALMAN: WARNING: Kalman prediction rate off (98)
ESTKALMAN: WARNING: Kalman prediction rate off (98)
ESTKALMAN: WARNING: Kalman prediction rate off (98)
ESTKALMAN: WARNING: Kalman prediction rate off (98)
ESTKALMAN: WARNING: Kalman prediction rate off (98)
ESTKALMAN: WARNING: Kalman prediction rate off (97)
ESTKALMAN: WARNING: Kalman prediction rate off (98)
ESTKALMAN: WARNING: Kalman prediction rate off (98)
ESTKALMAN: WARNING: Kalman prediction rate off (98)
ESTKALMAN: WARNING: Kalman prediction rate off (98)
ESTKALMAN: WARNING: Kalman prediction rate off (98)
ESTKALMAN: WARNING: Kalman prediction rate off (98)
ESTKALMAN: WARNING: Kalman prediction rate off (98)
ESTKALMAN: WARNING: Kalman prediction rate off (98)
ESTKALMAN: WARNING: Kalman prediction rate off (98)
ESTKALMAN: WARNING: Kalman prediction rate off (98)
ESTKALMAN: WARNING: Kalman prediction rate off (98)
ESTKALMAN: WARNING: Kalman prediction rate off (97)
ESTKALMAN: WARNING: Kalman prediction rate off (97)
ESTKALMAN: WARNING: Kalman prediction rate off (98)
ESTKALMAN: WARNING: Kalman prediction rate off (98)
ESTKALMAN: WARNING: Kalman prediction rate off (98)
ESTKALMAN: WARNING: Kalman prediction rate off (98)
ESTKALMAN: WARNING: Kalman prediction rate off (98)
ESTKALMAN: WARNING: Kalman prediction rate off (98)
ESTKALMAN: WARNING: Kalman prediction rate off (98)
ESTKALMAN: WARNING: Kalman prediction rate off (98)
ESTKALMAN: WARNING: Kalman prediction rate off (98)
ESTKALMAN: WARNING: Kalman prediction rate off (98)
ESTKALMAN: WARNING: Kalman prediction rate off (98)
ESTKALMAN: WARNING: Kalman prediction rate off (98)
ESTKALMAN: WARNING: Kalman prediction rate off (98)
ESTKALMAN: WARNING: Kalman prediction rate off (98)
ESTKALMAN: WARNING: Kalman prediction rate off (97)
ESTKALMAN: WARNING: Kalman prediction rate off (97)
ESTKALMAN: WARNING: Kalman prediction rate off (98)
ESTKALMAN: WARNING: Kalman prediction rate off (94)
ESTKALMAN: WARNING: Kalman prediction rate off (98)
ESTKALMAN: WARNING: Kalman prediction rate off (98)
ESTKALMAN: WARNING: Kalman prediction rate off (98)
ESTKALMAN: WARNING: Kalman prediction rate off (98)
ESTKALMAN: WARNING: Kalman prediction rate off (97)
ESTKALMAN: WARNING: Kalman prediction rate off (98)
ESTKALMAN: WARNING: Kalman prediction rate off (98)
ESTKALMAN: WARNING: Kalman prediction rate off (98)
ESTKALMAN: WARNING: Kalman prediction rate off (98)
ESTKALMAN: WARNING: Kalman prediction rate off (98)
ESTKALMAN: WARNING: Kalman prediction rate off (98)
ESTKALMAN: WARNING: Kalman prediction rate off (98)
ESTKALMAN: WARNING: Kalman prediction rate off (98)
ESTKALMAN: WARNING: Kalman prediction rate off (98)
ESTKALMAN: WARNING: Kalman prediction rate off (98)
ESTKALMAN: WARNING: Kalman prediction rate off (98)
ESTKALMAN: WARNING: Kalman prediction rate off (98)
ESTKALMAN: WARNING: Kalman prediction rate off (98)
ESTKALMAN: WARNING: Kalman prediction rate off (98)
ESTKALMAN: WARNING: Kalman prediction rate off (98)
ESTKALMAN: WARNING: Kalman prediction rate off (98)
ESTKALMAN: WARNING: Kalman prediction rate off (98)
ESTKALMAN: WARNING: Kalman prediction rate off (97)
ESTKALMAN: WARNING: Kalman prediction rate off (98)
ESTKALMAN: WARNING: Kalman prediction rate off (98)
ESTKALMAN: WARNING: Kalman prediction rate off (98)
ESTKALMAN: WARNING: Kalman prediction rate off (98)
ESTKALMAN: WARNING: Kalman prediction rate off (98)
ESTKALMAN: WARNING: Kalman prediction rate off (98)
ESTKALMAN: WARNING: Kalman prediction rate off (97)
ESTKALMAN: WARNING: Kalman prediction rate off (98)
ESTKALMAN: WARNING: Kalman prediction rate off (97)
ESTKALMAN: WARNING: Kalman prediction rate off (98)
ESTKALMAN: WARNING: Kalman prediction rate off (98)
ESTKALMAN: WARNING: Kalman prediction rate off (98)
ESTKALMAN: WARNING: Kalman prediction rate off (98)
ESTKALMAN: WARNING: Kalman prediction rate off (98)
ESTKALMAN: WARNING: Kalman prediction rate off (98)
ESTKALMAN: WARNING: Kalman prediction rate off (98)
ESTKALMAN: WARNING: Kalman prediction rate off (98)
ESTKALMAN: WARNING: Kalman prediction rate off (98)
ESTKALMAN: WARNING: Kalman prediction rate off (98)
ESTKALMAN: WARNING: Kalman prediction rate off (98)
ESTKALMAN: WARNING: Kalman prediction rate off (98)
ESTKALMAN: WARNING: Kalman prediction rate off (97)
ESTKALMAN: WARNING: Kalman prediction rate off (98)
ESTKALMAN: WARNING: Kalman prediction rate off (98)
ESTKALMAN: WARNING: Kalman prediction rate off (98)
ESTKALMAN: WARNING: Kalman prediction rate off (97)
ESTKALMAN: WARNING: Kalman prediction rate off (98)
ESTKALMAN: WARNING: Kalman prediction rate off (98)
ESTKALMAN: WARNING: Kalman prediction rate off (98)
ESTKALMAN: WAR