[0.820s] Invoking command in '/home/mrl-seuk/sitl_crazy/CrazySim/ros2_ws/build/crazyflie_py': CMAKE_PREFIX_PATH=/home/mrl-seuk/sitl_crazy/CrazySim/ros2_ws/install/crazyflie_interfaces:/home/mrl-seuk/sitl_crazy/CrazySim/ros2_ws/install/test_pkg:/home/mrl-seuk/sitl_crazy/CrazySim/ros2_ws/install/motion_capture_tracking:/home/mrl-seuk/sitl_crazy/CrazySim/ros2_ws/install/crazyflie:/home/mrl-seuk/sitl_crazy/CrazySim/ros2_ws/install/motion_capture_tracking_interfaces:/home/mrl-seuk/sitl_crazy/CrazySim/ros2_ws/install/crazyflie_sim:/home/mrl-seuk/sitl_crazy/CrazySim/ros2_ws/install/crazyflie_examples LD_LIBRARY_PATH=/home/mrl-seuk/sitl_crazy/CrazySim/ros2_ws/install/crazyflie_interfaces/lib:/home/mrl-seuk/sitl_crazy/CrazySim/ros2_ws/install/motion_capture_tracking_interfaces/lib:/opt/ros/humble/opt/rviz_ogre_vendor/lib:/opt/ros/humble/lib/x86_64-linux-gnu:/opt/ros/humble/lib PYTHONPATH=/home/mrl-seuk/sitl_crazy/CrazySim/ros2_ws/build/crazyflie_py/prefix_override:/usr/lib/python3/dist-packages/colcon_core/task/python/colcon_distutils_commands:/home/mrl-seuk/sitl_crazy/CrazySim/ros2_ws/install/crazyflie_py/lib/python3.10/site-packages:${PYTHONPATH} /usr/bin/python3 -W ignore:setup.py install is deprecated -W ignore:easy_install command is deprecated setup.py develop --editable --build-directory /home/mrl-seuk/sitl_crazy/CrazySim/ros2_ws/build/crazyflie_py/build --no-deps symlink_data
[1.049s] running develop
[1.223s] running egg_info
[1.223s] creating crazyflie_py.egg-info
[1.223s] writing crazyflie_py.egg-info/PKG-INFO
[1.223s] writing dependency_links to crazyflie_py.egg-info/dependency_links.txt
[1.224s] writing entry points to crazyflie_py.egg-info/entry_points.txt
[1.224s] writing requirements to crazyflie_py.egg-info/requires.txt
[1.224s] writing top-level names to crazyflie_py.egg-info/top_level.txt
[1.224s] writing manifest file 'crazyflie_py.egg-info/SOURCES.txt'
[1.226s] reading manifest file 'crazyflie_py.egg-info/SOURCES.txt'
[1.226s] writing manifest file 'crazyflie_py.egg-info/SOURCES.txt'
[1.228s] running build_ext
[1.228s] Creating /home/mrl-seuk/sitl_crazy/CrazySim/ros2_ws/install/crazyflie_py/lib/python3.10/site-packages/crazyflie-py.egg-link (link to .)
[1.229s] 
[1.229s] Installed /home/mrl-seuk/sitl_crazy/CrazySim/ros2_ws/build/crazyflie_py
[1.229s] running symlink_data
[1.229s] creating /home/mrl-seuk/sitl_crazy/CrazySim/ros2_ws/install/crazyflie_py/share/ament_index
[1.230s] creating /home/mrl-seuk/sitl_crazy/CrazySim/ros2_ws/install/crazyflie_py/share/ament_index/resource_index
[1.230s] creating /home/mrl-seuk/sitl_crazy/CrazySim/ros2_ws/install/crazyflie_py/share/ament_index/resource_index/packages
[1.230s] symbolically linking /home/mrl-seuk/sitl_crazy/CrazySim/ros2_ws/build/crazyflie_py/resource/crazyflie_py -> /home/mrl-seuk/sitl_crazy/CrazySim/ros2_ws/install/crazyflie_py/share/ament_index/resource_index/packages
[1.230s] symbolically linking /home/mrl-seuk/sitl_crazy/CrazySim/ros2_ws/build/crazyflie_py/package.xml -> /home/mrl-seuk/sitl_crazy/CrazySim/ros2_ws/install/crazyflie_py/share/crazyflie_py
[1.285s] Invoked command in '/home/mrl-seuk/sitl_crazy/CrazySim/ros2_ws/build/crazyflie_py' returned '0': CMAKE_PREFIX_PATH=/home/mrl-seuk/sitl_crazy/CrazySim/ros2_ws/install/crazyflie_interfaces:/home/mrl-seuk/sitl_crazy/CrazySim/ros2_ws/install/test_pkg:/home/mrl-seuk/sitl_crazy/CrazySim/ros2_ws/install/motion_capture_tracking:/home/mrl-seuk/sitl_crazy/CrazySim/ros2_ws/install/crazyflie:/home/mrl-seuk/sitl_crazy/CrazySim/ros2_ws/install/motion_capture_tracking_interfaces:/home/mrl-seuk/sitl_crazy/CrazySim/ros2_ws/install/crazyflie_sim:/home/mrl-seuk/sitl_crazy/CrazySim/ros2_ws/install/crazyflie_examples LD_LIBRARY_PATH=/home/mrl-seuk/sitl_crazy/CrazySim/ros2_ws/install/crazyflie_interfaces/lib:/home/mrl-seuk/sitl_crazy/CrazySim/ros2_ws/install/motion_capture_tracking_interfaces/lib:/opt/ros/humble/opt/rviz_ogre_vendor/lib:/opt/ros/humble/lib/x86_64-linux-gnu:/opt/ros/humble/lib PYTHONPATH=/home/mrl-seuk/sitl_crazy/CrazySim/ros2_ws/build/crazyflie_py/prefix_override:/usr/lib/python3/dist-packages/colcon_core/task/python/colcon_distutils_commands:/home/mrl-seuk/sitl_crazy/CrazySim/ros2_ws/install/crazyflie_py/lib/python3.10/site-packages:${PYTHONPATH} /usr/bin/python3 -W ignore:setup.py install is deprecated -W ignore:easy_install command is deprecated setup.py develop --editable --build-directory /home/mrl-seuk/sitl_crazy/CrazySim/ros2_ws/build/crazyflie_py/build --no-deps symlink_data
