[0.219s] Invoking command in '/home/mrl-seuk/sitl_crazy/CrazySim/ros2_ws/build/crazyflie': AMENT_PREFIX_PATH=/home/mrl-seuk/sitl_crazy/CrazySim/ros2_ws/install/motion_capture_tracking_interfaces:/home/mrl-seuk/sitl_crazy/CrazySim/ros2_ws/install/crazyflie_interfaces:${AMENT_PREFIX_PATH} CMAKE_PREFIX_PATH=/home/mrl-seuk/sitl_crazy/CrazySim/ros2_ws/install/motion_capture_tracking_interfaces:/home/mrl-seuk/sitl_crazy/CrazySim/ros2_ws/install/crazyflie_interfaces:/opt/ros/humble LD_LIBRARY_PATH=/home/mrl-seuk/sitl_crazy/CrazySim/ros2_ws/install/motion_capture_tracking_interfaces/lib:/home/mrl-seuk/sitl_crazy/CrazySim/ros2_ws/install/crazyflie_interfaces/lib:${LD_LIBRARY_PATH} PYTHONPATH=/home/mrl-seuk/sitl_crazy/CrazySim/ros2_ws/install/motion_capture_tracking_interfaces/local/lib/python3.10/dist-packages:/home/mrl-seuk/sitl_crazy/CrazySim/ros2_ws/install/crazyflie_interfaces/local/lib/python3.10/dist-packages:${PYTHONPATH} /usr/bin/cmake --build /home/mrl-seuk/sitl_crazy/CrazySim/ros2_ws/build/crazyflie -- -j16 -l16
[0.268s] [ 25%] Built target crazyflieLinkCpp
[0.270s] [ 30%] Built target teleop
[0.288s] [ 38%] Built target crazyflie_cpp
[0.324s] [ 47%] Built target listLogVariables
[0.324s] [ 50%] Built target battery
[0.324s] [ 61%] Built target crazyflie_server
[0.324s] [ 66%] Built target scan
[0.324s] [ 72%] Built target listParams
[0.324s] [ 75%] Built target reboot
[0.326s] [ 77%] Built target console
[0.326s] [ 88%] Built target setParam
[0.326s] [ 88%] Built target listMemories
[0.327s] [ 94%] Built target log
[0.329s] [100%] Built target version
[0.348s] Invoked command in '/home/mrl-seuk/sitl_crazy/CrazySim/ros2_ws/build/crazyflie' returned '0': AMENT_PREFIX_PATH=/home/mrl-seuk/sitl_crazy/CrazySim/ros2_ws/install/motion_capture_tracking_interfaces:/home/mrl-seuk/sitl_crazy/CrazySim/ros2_ws/install/crazyflie_interfaces:${AMENT_PREFIX_PATH} CMAKE_PREFIX_PATH=/home/mrl-seuk/sitl_crazy/CrazySim/ros2_ws/install/motion_capture_tracking_interfaces:/home/mrl-seuk/sitl_crazy/CrazySim/ros2_ws/install/crazyflie_interfaces:/opt/ros/humble LD_LIBRARY_PATH=/home/mrl-seuk/sitl_crazy/CrazySim/ros2_ws/install/motion_capture_tracking_interfaces/lib:/home/mrl-seuk/sitl_crazy/CrazySim/ros2_ws/install/crazyflie_interfaces/lib:${LD_LIBRARY_PATH} PYTHONPATH=/home/mrl-seuk/sitl_crazy/CrazySim/ros2_ws/install/motion_capture_tracking_interfaces/local/lib/python3.10/dist-packages:/home/mrl-seuk/sitl_crazy/CrazySim/ros2_ws/install/crazyflie_interfaces/local/lib/python3.10/dist-packages:${PYTHONPATH} /usr/bin/cmake --build /home/mrl-seuk/sitl_crazy/CrazySim/ros2_ws/build/crazyflie -- -j16 -l16
[0.349s] Invoking command in '/home/mrl-seuk/sitl_crazy/CrazySim/ros2_ws/build/crazyflie': AMENT_PREFIX_PATH=/home/mrl-seuk/sitl_crazy/CrazySim/ros2_ws/install/motion_capture_tracking_interfaces:/home/mrl-seuk/sitl_crazy/CrazySim/ros2_ws/install/crazyflie_interfaces:${AMENT_PREFIX_PATH} CMAKE_PREFIX_PATH=/home/mrl-seuk/sitl_crazy/CrazySim/ros2_ws/install/motion_capture_tracking_interfaces:/home/mrl-seuk/sitl_crazy/CrazySim/ros2_ws/install/crazyflie_interfaces:/opt/ros/humble LD_LIBRARY_PATH=/home/mrl-seuk/sitl_crazy/CrazySim/ros2_ws/install/motion_capture_tracking_interfaces/lib:/home/mrl-seuk/sitl_crazy/CrazySim/ros2_ws/install/crazyflie_interfaces/lib:${LD_LIBRARY_PATH} PYTHONPATH=/home/mrl-seuk/sitl_crazy/CrazySim/ros2_ws/install/motion_capture_tracking_interfaces/local/lib/python3.10/dist-packages:/home/mrl-seuk/sitl_crazy/CrazySim/ros2_ws/install/crazyflie_interfaces/local/lib/python3.10/dist-packages:${PYTHONPATH} /usr/bin/cmake --install /home/mrl-seuk/sitl_crazy/CrazySim/ros2_ws/build/crazyflie
[0.358s] -- Install configuration: ""
[0.358s] -- Execute custom install script
[0.358s] -- Up-to-date symlink: /home/mrl-seuk/sitl_crazy/CrazySim/ros2_ws/install/crazyflie/lib/crazyflie/scan
[0.359s] -- Up-to-date symlink: /home/mrl-seuk/sitl_crazy/CrazySim/ros2_ws/install/crazyflie/lib/crazyflie/listParams
[0.359s] -- Up-to-date symlink: /home/mrl-seuk/sitl_crazy/CrazySim/ros2_ws/install/crazyflie/lib/crazyflie/listLogVariables
[0.359s] -- Up-to-date symlink: /home/mrl-seuk/sitl_crazy/CrazySim/ros2_ws/install/crazyflie/lib/crazyflie/listMemories
[0.359s] -- Up-to-date symlink: /home/mrl-seuk/sitl_crazy/CrazySim/ros2_ws/install/crazyflie/lib/crazyflie/reboot
[0.359s] -- Up-to-date symlink: /home/mrl-seuk/sitl_crazy/CrazySim/ros2_ws/install/crazyflie/lib/crazyflie/battery
[0.359s] -- Up-to-date symlink: /home/mrl-seuk/sitl_crazy/CrazySim/ros2_ws/install/crazyflie/lib/crazyflie/version
[0.359s] -- Up-to-date symlink: /home/mrl-seuk/sitl_crazy/CrazySim/ros2_ws/install/crazyflie/lib/crazyflie/console
[0.359s] -- Up-to-date symlink: /home/mrl-seuk/sitl_crazy/CrazySim/ros2_ws/install/crazyflie/lib/crazyflie/log
[0.360s] -- Up-to-date symlink: /home/mrl-seuk/sitl_crazy/CrazySim/ros2_ws/install/crazyflie/lib/crazyflie/setParam
[0.360s] -- Up-to-date symlink: /home/mrl-seuk/sitl_crazy/CrazySim/ros2_ws/install/crazyflie/lib/crazyflie/teleop
[0.360s] -- Up-to-date symlink: /home/mrl-seuk/sitl_crazy/CrazySim/ros2_ws/install/crazyflie/lib/crazyflie/crazyflie_server
[0.360s] -- Up-to-date symlink: /home/mrl-seuk/sitl_crazy/CrazySim/ros2_ws/install/crazyflie/lib/crazyflie/crazyflie_server.py
[0.360s] -- Up-to-date symlink: /home/mrl-seuk/sitl_crazy/CrazySim/ros2_ws/install/crazyflie/lib/crazyflie/chooser.py
[0.360s] -- Up-to-date symlink: /home/mrl-seuk/sitl_crazy/CrazySim/ros2_ws/install/crazyflie/lib/crazyflie/vel_mux.py
[0.360s] -- Up-to-date symlink: /home/mrl-seuk/sitl_crazy/CrazySim/ros2_ws/install/crazyflie/lib/crazyflie/cfmult.py
[0.360s] -- Up-to-date symlink: /home/mrl-seuk/sitl_crazy/CrazySim/ros2_ws/install/crazyflie/share/crazyflie//launch/launch.py
[0.360s] -- Up-to-date symlink: /home/mrl-seuk/sitl_crazy/CrazySim/ros2_ws/install/crazyflie/share/crazyflie//launch/launch_teleop2.py
[0.360s] -- Up-to-date symlink: /home/mrl-seuk/sitl_crazy/CrazySim/ros2_ws/install/crazyflie/share/crazyflie//launch/teleop_launch.py
[0.361s] -- Up-to-date symlink: /home/mrl-seuk/sitl_crazy/CrazySim/ros2_ws/install/crazyflie/share/crazyflie//config/config.rviz
[0.361s] -- Up-to-date symlink: /home/mrl-seuk/sitl_crazy/CrazySim/ros2_ws/install/crazyflie/share/crazyflie//config/crazyflies.yaml
[0.361s] -- Up-to-date symlink: /home/mrl-seuk/sitl_crazy/CrazySim/ros2_ws/install/crazyflie/share/crazyflie//config/motion_capture.yaml
[0.361s] -- Up-to-date symlink: /home/mrl-seuk/sitl_crazy/CrazySim/ros2_ws/install/crazyflie/share/crazyflie//config/server.yaml
[0.361s] -- Up-to-date symlink: /home/mrl-seuk/sitl_crazy/CrazySim/ros2_ws/install/crazyflie/share/crazyflie//config/teleop.yaml
[0.361s] -- Up-to-date symlink: /home/mrl-seuk/sitl_crazy/CrazySim/ros2_ws/install/crazyflie/share/ament_index/resource_index/package_run_dependencies/crazyflie
[0.361s] -- Up-to-date symlink: /home/mrl-seuk/sitl_crazy/CrazySim/ros2_ws/install/crazyflie/share/ament_index/resource_index/parent_prefix_path/crazyflie
[0.362s] -- Up-to-date symlink: /home/mrl-seuk/sitl_crazy/CrazySim/ros2_ws/install/crazyflie/share/crazyflie/environment/ament_prefix_path.sh
[0.362s] -- Up-to-date symlink: /home/mrl-seuk/sitl_crazy/CrazySim/ros2_ws/install/crazyflie/share/crazyflie/environment/ament_prefix_path.dsv
[0.362s] -- Up-to-date symlink: /home/mrl-seuk/sitl_crazy/CrazySim/ros2_ws/install/crazyflie/share/crazyflie/environment/path.sh
[0.362s] -- Up-to-date symlink: /home/mrl-seuk/sitl_crazy/CrazySim/ros2_ws/install/crazyflie/share/crazyflie/environment/path.dsv
[0.362s] -- Up-to-date symlink: /home/mrl-seuk/sitl_crazy/CrazySim/ros2_ws/install/crazyflie/share/crazyflie/local_setup.bash
[0.362s] -- Up-to-date symlink: /home/mrl-seuk/sitl_crazy/CrazySim/ros2_ws/install/crazyflie/share/crazyflie/local_setup.sh
[0.362s] -- Up-to-date symlink: /home/mrl-seuk/sitl_crazy/CrazySim/ros2_ws/install/crazyflie/share/crazyflie/local_setup.zsh
[0.363s] -- Up-to-date symlink: /home/mrl-seuk/sitl_crazy/CrazySim/ros2_ws/install/crazyflie/share/crazyflie/local_setup.dsv
[0.363s] -- Symlinking: /home/mrl-seuk/sitl_crazy/CrazySim/ros2_ws/install/crazyflie/share/crazyflie/package.dsv
[0.372s] -- Up-to-date symlink: /home/mrl-seuk/sitl_crazy/CrazySim/ros2_ws/install/crazyflie/share/ament_index/resource_index/packages/crazyflie
[0.373s] -- Up-to-date symlink: /home/mrl-seuk/sitl_crazy/CrazySim/ros2_ws/install/crazyflie/share/crazyflie/cmake/crazyflieConfig.cmake
[0.373s] -- Up-to-date symlink: /home/mrl-seuk/sitl_crazy/CrazySim/ros2_ws/install/crazyflie/share/crazyflie/cmake/crazyflieConfig-version.cmake
[0.373s] -- Up-to-date symlink: /home/mrl-seuk/sitl_crazy/CrazySim/ros2_ws/install/crazyflie/share/crazyflie/package.xml
[0.376s] Invoked command in '/home/mrl-seuk/sitl_crazy/CrazySim/ros2_ws/build/crazyflie' returned '0': AMENT_PREFIX_PATH=/home/mrl-seuk/sitl_crazy/CrazySim/ros2_ws/install/motion_capture_tracking_interfaces:/home/mrl-seuk/sitl_crazy/CrazySim/ros2_ws/install/crazyflie_interfaces:${AMENT_PREFIX_PATH} CMAKE_PREFIX_PATH=/home/mrl-seuk/sitl_crazy/CrazySim/ros2_ws/install/motion_capture_tracking_interfaces:/home/mrl-seuk/sitl_crazy/CrazySim/ros2_ws/install/crazyflie_interfaces:/opt/ros/humble LD_LIBRARY_PATH=/home/mrl-seuk/sitl_crazy/CrazySim/ros2_ws/install/motion_capture_tracking_interfaces/lib:/home/mrl-seuk/sitl_crazy/CrazySim/ros2_ws/install/crazyflie_interfaces/lib:${LD_LIBRARY_PATH} PYTHONPATH=/home/mrl-seuk/sitl_crazy/CrazySim/ros2_ws/install/motion_capture_tracking_interfaces/local/lib/python3.10/dist-packages:/home/mrl-seuk/sitl_crazy/CrazySim/ros2_ws/install/crazyflie_interfaces/local/lib/python3.10/dist-packages:${PYTHONPATH} /usr/bin/cmake --install /home/mrl-seuk/sitl_crazy/CrazySim/ros2_ws/build/crazyflie
