[0.011s] Invoking command in '/home/mrl-seuk/sitl_crazy/CrazySim/ros2_ws/build/motion_capture_tracking': CMAKE_PREFIX_PATH=/home/mrl-seuk/sitl_crazy/CrazySim/ros2_ws/install/motion_capture_tracking_interfaces:/home/mrl-seuk/sitl_crazy/CrazySim/ros2_ws/install/test_pkg:/home/mrl-seuk/sitl_crazy/CrazySim/ros2_ws/install/motion_capture_tracking:/home/mrl-seuk/sitl_crazy/CrazySim/ros2_ws/install/crazyflie:/home/mrl-seuk/sitl_crazy/CrazySim/ros2_ws/install/crazyflie_sim:/home/mrl-seuk/sitl_crazy/CrazySim/ros2_ws/install/crazyflie_examples:/home/mrl-seuk/sitl_crazy/CrazySim/ros2_ws/install/crazyflie_interfaces:/home/mrl-seuk/sitl_crazy/CrazySim/ros2_ws/install/crazyflie_mpc:/home/mrl-seuk/sitl_crazy/CrazySim/ros2_ws/install/crazyflie_py:/opt/ros/humble /usr/bin/cmake --build /home/mrl-seuk/sitl_crazy/CrazySim/ros2_ws/build/motion_capture_tracking -- -j16 -l16
[0.065s] [  7%] Built target quat
[0.066s] [ 15%] Built target qualisys_cpp_sdk
[0.075s] [ 19%] Built target librigidbodytracker
[0.089s] [ 36%] Built target ViconDataStreamSDK_CPP
[0.094s] [ 82%] Built target vrpn
[0.130s] [ 96%] Built target libmotioncapture
[0.164s] [100%] Built target motion_capture_tracking_node
[0.267s] Invoked command in '/home/mrl-seuk/sitl_crazy/CrazySim/ros2_ws/build/motion_capture_tracking' returned '0': CMAKE_PREFIX_PATH=/home/mrl-seuk/sitl_crazy/CrazySim/ros2_ws/install/motion_capture_tracking_interfaces:/home/mrl-seuk/sitl_crazy/CrazySim/ros2_ws/install/test_pkg:/home/mrl-seuk/sitl_crazy/CrazySim/ros2_ws/install/motion_capture_tracking:/home/mrl-seuk/sitl_crazy/CrazySim/ros2_ws/install/crazyflie:/home/mrl-seuk/sitl_crazy/CrazySim/ros2_ws/install/crazyflie_sim:/home/mrl-seuk/sitl_crazy/CrazySim/ros2_ws/install/crazyflie_examples:/home/mrl-seuk/sitl_crazy/CrazySim/ros2_ws/install/crazyflie_interfaces:/home/mrl-seuk/sitl_crazy/CrazySim/ros2_ws/install/crazyflie_mpc:/home/mrl-seuk/sitl_crazy/CrazySim/ros2_ws/install/crazyflie_py:/opt/ros/humble /usr/bin/cmake --build /home/mrl-seuk/sitl_crazy/CrazySim/ros2_ws/build/motion_capture_tracking -- -j16 -l16
[0.268s] Invoking command in '/home/mrl-seuk/sitl_crazy/CrazySim/ros2_ws/build/motion_capture_tracking': CMAKE_PREFIX_PATH=/home/mrl-seuk/sitl_crazy/CrazySim/ros2_ws/install/motion_capture_tracking_interfaces:/home/mrl-seuk/sitl_crazy/CrazySim/ros2_ws/install/test_pkg:/home/mrl-seuk/sitl_crazy/CrazySim/ros2_ws/install/motion_capture_tracking:/home/mrl-seuk/sitl_crazy/CrazySim/ros2_ws/install/crazyflie:/home/mrl-seuk/sitl_crazy/CrazySim/ros2_ws/install/crazyflie_sim:/home/mrl-seuk/sitl_crazy/CrazySim/ros2_ws/install/crazyflie_examples:/home/mrl-seuk/sitl_crazy/CrazySim/ros2_ws/install/crazyflie_interfaces:/home/mrl-seuk/sitl_crazy/CrazySim/ros2_ws/install/crazyflie_mpc:/home/mrl-seuk/sitl_crazy/CrazySim/ros2_ws/install/crazyflie_py:/opt/ros/humble /usr/bin/cmake --install /home/mrl-seuk/sitl_crazy/CrazySim/ros2_ws/build/motion_capture_tracking
[0.275s] -- Install configuration: ""
[0.275s] -- Execute custom install script
[0.275s] -- Up-to-date symlink: /home/mrl-seuk/sitl_crazy/CrazySim/ros2_ws/install/motion_capture_tracking/lib/motion_capture_tracking/motion_capture_tracking_node
[0.275s] -- Up-to-date symlink: /home/mrl-seuk/sitl_crazy/CrazySim/ros2_ws/install/motion_capture_tracking/lib/motion_capture_tracking/libNatNet.so
[0.276s] -- Up-to-date symlink: /home/mrl-seuk/sitl_crazy/CrazySim/ros2_ws/install/motion_capture_tracking/share/motion_capture_tracking//launch/launch.py
[0.276s] -- Up-to-date symlink: /home/mrl-seuk/sitl_crazy/CrazySim/ros2_ws/install/motion_capture_tracking/share/motion_capture_tracking//launch/node.launch
[0.276s] -- Up-to-date symlink: /home/mrl-seuk/sitl_crazy/CrazySim/ros2_ws/install/motion_capture_tracking/share/motion_capture_tracking//config/cfg.yaml
[0.276s] -- Up-to-date symlink: /home/mrl-seuk/sitl_crazy/CrazySim/ros2_ws/install/motion_capture_tracking/share/motion_capture_tracking//config/rviz.rviz
[0.276s] -- Up-to-date symlink: /home/mrl-seuk/sitl_crazy/CrazySim/ros2_ws/install/motion_capture_tracking/share/ament_index/resource_index/package_run_dependencies/motion_capture_tracking
[0.276s] -- Up-to-date symlink: /home/mrl-seuk/sitl_crazy/CrazySim/ros2_ws/install/motion_capture_tracking/share/ament_index/resource_index/parent_prefix_path/motion_capture_tracking
[0.277s] -- Up-to-date symlink: /home/mrl-seuk/sitl_crazy/CrazySim/ros2_ws/install/motion_capture_tracking/share/motion_capture_tracking/environment/ament_prefix_path.sh
[0.277s] -- Up-to-date symlink: /home/mrl-seuk/sitl_crazy/CrazySim/ros2_ws/install/motion_capture_tracking/share/motion_capture_tracking/environment/ament_prefix_path.dsv
[0.277s] -- Up-to-date symlink: /home/mrl-seuk/sitl_crazy/CrazySim/ros2_ws/install/motion_capture_tracking/share/motion_capture_tracking/environment/path.sh
[0.277s] -- Up-to-date symlink: /home/mrl-seuk/sitl_crazy/CrazySim/ros2_ws/install/motion_capture_tracking/share/motion_capture_tracking/environment/path.dsv
[0.277s] -- Up-to-date symlink: /home/mrl-seuk/sitl_crazy/CrazySim/ros2_ws/install/motion_capture_tracking/share/motion_capture_tracking/local_setup.bash
[0.277s] -- Up-to-date symlink: /home/mrl-seuk/sitl_crazy/CrazySim/ros2_ws/install/motion_capture_tracking/share/motion_capture_tracking/local_setup.sh
[0.277s] -- Up-to-date symlink: /home/mrl-seuk/sitl_crazy/CrazySim/ros2_ws/install/motion_capture_tracking/share/motion_capture_tracking/local_setup.zsh
[0.277s] -- Up-to-date symlink: /home/mrl-seuk/sitl_crazy/CrazySim/ros2_ws/install/motion_capture_tracking/share/motion_capture_tracking/local_setup.dsv
[0.278s] -- Symlinking: /home/mrl-seuk/sitl_crazy/CrazySim/ros2_ws/install/motion_capture_tracking/share/motion_capture_tracking/package.dsv
