[0.011s] Invoking command in '/home/mrl-seuk/sitl_crazy/CrazySim/ros2_ws/build/motion_capture_tracking': CMAKE_PREFIX_PATH=/home/mrl-seuk/sitl_crazy/CrazySim/ros2_ws/install/motion_capture_tracking_interfaces:/home/mrl-seuk/sitl_crazy/CrazySim/ros2_ws/install/test_pkg:/home/mrl-seuk/sitl_crazy/CrazySim/ros2_ws/install/motion_capture_tracking:/home/mrl-seuk/sitl_crazy/CrazySim/ros2_ws/install/crazyflie:/home/mrl-seuk/sitl_crazy/CrazySim/ros2_ws/install/crazyflie_sim:/home/mrl-seuk/sitl_crazy/CrazySim/ros2_ws/install/crazyflie_examples:/home/mrl-seuk/sitl_crazy/CrazySim/ros2_ws/install/crazyflie_interfaces:/home/mrl-seuk/sitl_crazy/CrazySim/ros2_ws/install/crazyflie_mpc:/home/mrl-seuk/sitl_crazy/CrazySim/ros2_ws/install/crazyflie_py:/opt/ros/humble /usr/bin/cmake --build /home/mrl-seuk/sitl_crazy/CrazySim/ros2_ws/build/motion_capture_tracking -- -j16 -l16
[0.053s] [35m[1mConsolidate compiler generated dependencies of target quat[0m
[0.053s] [35m[1mConsolidate compiler generated dependencies of target qualisys_cpp_sdk[0m
[0.058s] [35m[1mConsolidate compiler generated dependencies of target librigidbodytracker[0m
[0.065s] [  7%] Built target qualisys_cpp_sdk
[0.066s] [ 15%] Built target quat
[0.070s] [35m[1mConsolidate compiler generated dependencies of target ViconDataStreamSDK_CPP[0m
[0.082s] [35m[1mConsolidate compiler generated dependencies of target vrpn[0m
[0.086s] [ 19%] Built target librigidbodytracker
[0.105s] [ 65%] Built target vrpn
[0.118s] [ 82%] Built target ViconDataStreamSDK_CPP
[0.138s] [35m[1mConsolidate compiler generated dependencies of target libmotioncapture[0m
[0.167s] [ 96%] Built target libmotioncapture
[0.182s] [35m[1mConsolidate compiler generated dependencies of target motion_capture_tracking_node[0m
[0.209s] [100%] Built target motion_capture_tracking_node
[0.264s] Invoked command in '/home/mrl-seuk/sitl_crazy/CrazySim/ros2_ws/build/motion_capture_tracking' returned '0': CMAKE_PREFIX_PATH=/home/mrl-seuk/sitl_crazy/CrazySim/ros2_ws/install/motion_capture_tracking_interfaces:/home/mrl-seuk/sitl_crazy/CrazySim/ros2_ws/install/test_pkg:/home/mrl-seuk/sitl_crazy/CrazySim/ros2_ws/install/motion_capture_tracking:/home/mrl-seuk/sitl_crazy/CrazySim/ros2_ws/install/crazyflie:/home/mrl-seuk/sitl_crazy/CrazySim/ros2_ws/install/crazyflie_sim:/home/mrl-seuk/sitl_crazy/CrazySim/ros2_ws/install/crazyflie_examples:/home/mrl-seuk/sitl_crazy/CrazySim/ros2_ws/install/crazyflie_interfaces:/home/mrl-seuk/sitl_crazy/CrazySim/ros2_ws/install/crazyflie_mpc:/home/mrl-seuk/sitl_crazy/CrazySim/ros2_ws/install/crazyflie_py:/opt/ros/humble /usr/bin/cmake --build /home/mrl-seuk/sitl_crazy/CrazySim/ros2_ws/build/motion_capture_tracking -- -j16 -l16
[0.265s] Invoking command in '/home/mrl-seuk/sitl_crazy/CrazySim/ros2_ws/build/motion_capture_tracking': CMAKE_PREFIX_PATH=/home/mrl-seuk/sitl_crazy/CrazySim/ros2_ws/install/motion_capture_tracking_interfaces:/home/mrl-seuk/sitl_crazy/CrazySim/ros2_ws/install/test_pkg:/home/mrl-seuk/sitl_crazy/CrazySim/ros2_ws/install/motion_capture_tracking:/home/mrl-seuk/sitl_crazy/CrazySim/ros2_ws/install/crazyflie:/home/mrl-seuk/sitl_crazy/CrazySim/ros2_ws/install/crazyflie_sim:/home/mrl-seuk/sitl_crazy/CrazySim/ros2_ws/install/crazyflie_examples:/home/mrl-seuk/sitl_crazy/CrazySim/ros2_ws/install/crazyflie_interfaces:/home/mrl-seuk/sitl_crazy/CrazySim/ros2_ws/install/crazyflie_mpc:/home/mrl-seuk/sitl_crazy/CrazySim/ros2_ws/install/crazyflie_py:/opt/ros/humble /usr/bin/cmake --install /home/mrl-seuk/sitl_crazy/CrazySim/ros2_ws/build/motion_capture_tracking
[0.267s] -- Install configuration: ""
[0.267s] -- Execute custom install script
[0.268s] -- Up-to-date symlink: /home/mrl-seuk/sitl_crazy/CrazySim/ros2_ws/install/motion_capture_tracking/lib/motion_capture_tracking/motion_capture_tracking_node
[0.268s] -- Up-to-date symlink: /home/mrl-seuk/sitl_crazy/CrazySim/ros2_ws/install/motion_capture_tracking/lib/motion_capture_tracking/libNatNet.so
[0.268s] -- Up-to-date symlink: /home/mrl-seuk/sitl_crazy/CrazySim/ros2_ws/install/motion_capture_tracking/share/motion_capture_tracking//launch/launch.py
[0.268s] -- Up-to-date symlink: /home/mrl-seuk/sitl_crazy/CrazySim/ros2_ws/install/motion_capture_tracking/share/motion_capture_tracking//launch/node.launch
[0.268s] -- Up-to-date symlink: /home/mrl-seuk/sitl_crazy/CrazySim/ros2_ws/install/motion_capture_tracking/share/motion_capture_tracking//config/cfg.yaml
[0.268s] -- Up-to-date symlink: /home/mrl-seuk/sitl_crazy/CrazySim/ros2_ws/install/motion_capture_tracking/share/motion_capture_tracking//config/rviz.rviz
[0.269s] -- Up-to-date symlink: /home/mrl-seuk/sitl_crazy/CrazySim/ros2_ws/install/motion_capture_tracking/share/ament_index/resource_index/package_run_dependencies/motion_capture_tracking
[0.269s] -- Up-to-date symlink: /home/mrl-seuk/sitl_crazy/CrazySim/ros2_ws/install/motion_capture_tracking/share/ament_index/resource_index/parent_prefix_path/motion_capture_tracking
[0.269s] -- Up-to-date symlink: /home/mrl-seuk/sitl_crazy/CrazySim/ros2_ws/install/motion_capture_tracking/share/motion_capture_tracking/environment/ament_prefix_path.sh
[0.269s] -- Up-to-date symlink: /home/mrl-seuk/sitl_crazy/CrazySim/ros2_ws/install/motion_capture_tracking/share/motion_capture_tracking/environment/ament_prefix_path.dsv
[0.269s] -- Up-to-date symlink: /home/mrl-seuk/sitl_crazy/CrazySim/ros2_ws/install/motion_capture_tracking/share/motion_capture_tracking/environment/path.sh
[0.269s] -- Up-to-date symlink: /home/mrl-seuk/sitl_crazy/CrazySim/ros2_ws/install/motion_capture_tracking/share/motion_capture_tracking/environment/path.dsv
[0.269s] -- Up-to-date symlink: /home/mrl-seuk/sitl_crazy/CrazySim/ros2_ws/install/motion_capture_tracking/share/motion_capture_tracking/local_setup.bash
[0.269s] -- Up-to-date symlink: /home/mrl-seuk/sitl_crazy/CrazySim/ros2_ws/install/motion_capture_tracking/share/motion_capture_tracking/local_setup.sh
[0.270s] -- Up-to-date symlink: /home/mrl-seuk/sitl_crazy/CrazySim/ros2_ws/install/motion_capture_tracking/share/motion_capture_tracking/local_setup.zsh
[0.270s] -- Up-to-date symlink: /home/mrl-seuk/sitl_crazy/CrazySim/ros2_ws/install/motion_capture_tracking/share/motion_capture_tracking/local_setup.dsv
[0.270s] -- Symlinking: /home/mrl-seuk/sitl_crazy/CrazySim/ros2_ws/install/motion_capture_tracking/share/motion_capture_tracking/package.dsv
[0.278s] -- Up-to-date symlink: /home/mrl-seuk/sitl_crazy/CrazySim/ros2_ws/install/motion_capture_tracking/share/ament_index/resource_index/packages/motion_capture_tracking
[0.278s] -- Up-to-date symlink: /home/mrl-seuk/sitl_crazy/CrazySim/ros2_ws/install/motion_capture_tracking/share/motion_capture_tracking/cmake/motion_capture_trackingConfig.cmake
[0.278s] -- Up-to-date symlink: /home/mrl-seuk/sitl_crazy/CrazySim/ros2_ws/install/motion_capture_tracking/share/motion_capture_tracking/cmake/motion_capture_trackingConfig-version.cmake
[0.278s] -- Up-to-date symlink: /home/mrl-seuk/sitl_crazy/CrazySim/ros2_ws/install/motion_capture_tracking/share/motion_capture_tracking/package.xml
[0.281s] Invoked command in '/home/mrl-seuk/sitl_crazy/CrazySim/ros2_ws/build/motion_capture_tracking' returned '0': CMAKE_PREFIX_PATH=/home/mrl-seuk/sitl_crazy/CrazySim/ros2_ws/install/motion_capture_tracking_interfaces:/home/mrl-seuk/sitl_crazy/CrazySim/ros2_ws/install/test_pkg:/home/mrl-seuk/sitl_crazy/CrazySim/ros2_ws/install/motion_capture_tracking:/home/mrl-seuk/sitl_crazy/CrazySim/ros2_ws/install/crazyflie:/home/mrl-seuk/sitl_crazy/CrazySim/ros2_ws/install/crazyflie_sim:/home/mrl-seuk/sitl_crazy/CrazySim/ros2_ws/install/crazyflie_examples:/home/mrl-seuk/sitl_crazy/CrazySim/ros2_ws/install/crazyflie_interfaces:/home/mrl-seuk/sitl_crazy/CrazySim/ros2_ws/install/crazyflie_mpc:/home/mrl-seuk/sitl_crazy/CrazySim/ros2_ws/install/crazyflie_py:/opt/ros/humble /usr/bin/cmake --install /home/mrl-seuk/sitl_crazy/CrazySim/ros2_ws/build/motion_capture_tracking
